ARM GAS  /tmp/ccZq0O7m.s 			page 1


   1              		.cpu cortex-m4
   2              		.eabi_attribute 27, 1
   3              		.eabi_attribute 28, 1
   4              		.eabi_attribute 20, 1
   5              		.eabi_attribute 21, 1
   6              		.eabi_attribute 23, 3
   7              		.eabi_attribute 24, 1
   8              		.eabi_attribute 25, 1
   9              		.eabi_attribute 26, 1
  10              		.eabi_attribute 30, 2
  11              		.eabi_attribute 34, 1
  12              		.eabi_attribute 18, 4
  13              		.file	"bus_voltage_sensor.c"
  14              		.text
  15              	.Ltext0:
  16              		.cfi_sections	.debug_frame
  17              		.section	.text.VBS_GetBusVoltage_d,"ax",%progbits
  18              		.align	1
  19              		.p2align 2,,3
  20              		.weak	VBS_GetBusVoltage_d
  21              		.arch armv7e-m
  22              		.syntax unified
  23              		.thumb
  24              		.thumb_func
  25              		.fpu fpv4-sp-d16
  27              	VBS_GetBusVoltage_d:
  28              	.LVL0:
  29              	.LFB1437:
  30              		.file 1 "MCSDK_v6.3.0-Full/MotorControl/MCSDK/MCLib/Any/Src/bus_voltage_sensor.c"
   1:MCSDK_v6.3.0-Full/MotorControl/MCSDK/MCLib/Any/Src/bus_voltage_sensor.c **** /**
   2:MCSDK_v6.3.0-Full/MotorControl/MCSDK/MCLib/Any/Src/bus_voltage_sensor.c ****   ******************************************************************************
   3:MCSDK_v6.3.0-Full/MotorControl/MCSDK/MCLib/Any/Src/bus_voltage_sensor.c ****   * @file    bus_voltage_sensor.c
   4:MCSDK_v6.3.0-Full/MotorControl/MCSDK/MCLib/Any/Src/bus_voltage_sensor.c ****   * @author  Motor Control SDK Team, ST Microelectronics
   5:MCSDK_v6.3.0-Full/MotorControl/MCSDK/MCLib/Any/Src/bus_voltage_sensor.c ****   * @brief   This file provides firmware functions that implement the features
   6:MCSDK_v6.3.0-Full/MotorControl/MCSDK/MCLib/Any/Src/bus_voltage_sensor.c ****   *          of the BusVoltageSensor component of the Motor Control SDK.
   7:MCSDK_v6.3.0-Full/MotorControl/MCSDK/MCLib/Any/Src/bus_voltage_sensor.c ****   *
   8:MCSDK_v6.3.0-Full/MotorControl/MCSDK/MCLib/Any/Src/bus_voltage_sensor.c ****   ******************************************************************************
   9:MCSDK_v6.3.0-Full/MotorControl/MCSDK/MCLib/Any/Src/bus_voltage_sensor.c ****   * @attention
  10:MCSDK_v6.3.0-Full/MotorControl/MCSDK/MCLib/Any/Src/bus_voltage_sensor.c ****   *
  11:MCSDK_v6.3.0-Full/MotorControl/MCSDK/MCLib/Any/Src/bus_voltage_sensor.c ****   * <h2><center>&copy; Copyright (c) 2024 STMicroelectronics.
  12:MCSDK_v6.3.0-Full/MotorControl/MCSDK/MCLib/Any/Src/bus_voltage_sensor.c ****   * All rights reserved.</center></h2>
  13:MCSDK_v6.3.0-Full/MotorControl/MCSDK/MCLib/Any/Src/bus_voltage_sensor.c ****   *
  14:MCSDK_v6.3.0-Full/MotorControl/MCSDK/MCLib/Any/Src/bus_voltage_sensor.c ****   * This software component is licensed by ST under Ultimate Liberty license
  15:MCSDK_v6.3.0-Full/MotorControl/MCSDK/MCLib/Any/Src/bus_voltage_sensor.c ****   * SLA0044, the "License"; You may not use this file except in compliance with
  16:MCSDK_v6.3.0-Full/MotorControl/MCSDK/MCLib/Any/Src/bus_voltage_sensor.c ****   * the License. You may obtain a copy of the License at:
  17:MCSDK_v6.3.0-Full/MotorControl/MCSDK/MCLib/Any/Src/bus_voltage_sensor.c ****   *                             www.st.com/SLA0044
  18:MCSDK_v6.3.0-Full/MotorControl/MCSDK/MCLib/Any/Src/bus_voltage_sensor.c ****   *
  19:MCSDK_v6.3.0-Full/MotorControl/MCSDK/MCLib/Any/Src/bus_voltage_sensor.c ****   ******************************************************************************
  20:MCSDK_v6.3.0-Full/MotorControl/MCSDK/MCLib/Any/Src/bus_voltage_sensor.c ****   * @ingroup BusVoltageSensor
  21:MCSDK_v6.3.0-Full/MotorControl/MCSDK/MCLib/Any/Src/bus_voltage_sensor.c ****   */
  22:MCSDK_v6.3.0-Full/MotorControl/MCSDK/MCLib/Any/Src/bus_voltage_sensor.c **** 
  23:MCSDK_v6.3.0-Full/MotorControl/MCSDK/MCLib/Any/Src/bus_voltage_sensor.c **** /* Includes ------------------------------------------------------------------*/
  24:MCSDK_v6.3.0-Full/MotorControl/MCSDK/MCLib/Any/Src/bus_voltage_sensor.c **** 
  25:MCSDK_v6.3.0-Full/MotorControl/MCSDK/MCLib/Any/Src/bus_voltage_sensor.c **** #include "bus_voltage_sensor.h"
  26:MCSDK_v6.3.0-Full/MotorControl/MCSDK/MCLib/Any/Src/bus_voltage_sensor.c **** 
  27:MCSDK_v6.3.0-Full/MotorControl/MCSDK/MCLib/Any/Src/bus_voltage_sensor.c **** 
  28:MCSDK_v6.3.0-Full/MotorControl/MCSDK/MCLib/Any/Src/bus_voltage_sensor.c **** /** @addtogroup MCSDK
ARM GAS  /tmp/ccZq0O7m.s 			page 2


  29:MCSDK_v6.3.0-Full/MotorControl/MCSDK/MCLib/Any/Src/bus_voltage_sensor.c ****   * @{
  30:MCSDK_v6.3.0-Full/MotorControl/MCSDK/MCLib/Any/Src/bus_voltage_sensor.c ****   */
  31:MCSDK_v6.3.0-Full/MotorControl/MCSDK/MCLib/Any/Src/bus_voltage_sensor.c **** 
  32:MCSDK_v6.3.0-Full/MotorControl/MCSDK/MCLib/Any/Src/bus_voltage_sensor.c **** /** @defgroup BusVoltageSensor Bus Voltage Sensing
  33:MCSDK_v6.3.0-Full/MotorControl/MCSDK/MCLib/Any/Src/bus_voltage_sensor.c ****   * @brief Bus Voltage Sensor components of the Motor Control SDK
  34:MCSDK_v6.3.0-Full/MotorControl/MCSDK/MCLib/Any/Src/bus_voltage_sensor.c ****   *
  35:MCSDK_v6.3.0-Full/MotorControl/MCSDK/MCLib/Any/Src/bus_voltage_sensor.c ****   * Two Bus Voltage Sensor implementations are provided (selection done according to BUS_VOLTAGE_RE
  36:MCSDK_v6.3.0-Full/MotorControl/MCSDK/MCLib/Any/Src/bus_voltage_sensor.c ****   *
  37:MCSDK_v6.3.0-Full/MotorControl/MCSDK/MCLib/Any/Src/bus_voltage_sensor.c ****   * - The @ref RDividerBusVoltageSensor "Resistor Divider Bus Voltage Sensor" operates as the name 
  38:MCSDK_v6.3.0-Full/MotorControl/MCSDK/MCLib/Any/Src/bus_voltage_sensor.c ****   * - The @ref VirtualBusVoltageSensor "Virtual Bus Voltage Sensor" does not make measurement but r
  39:MCSDK_v6.3.0-Full/MotorControl/MCSDK/MCLib/Any/Src/bus_voltage_sensor.c ****   *   returns an application fixed defined value (expected VBus value).
  40:MCSDK_v6.3.0-Full/MotorControl/MCSDK/MCLib/Any/Src/bus_voltage_sensor.c ****   *
  41:MCSDK_v6.3.0-Full/MotorControl/MCSDK/MCLib/Any/Src/bus_voltage_sensor.c ****   *   Two formats are used to return VBus measurement:
  42:MCSDK_v6.3.0-Full/MotorControl/MCSDK/MCLib/Any/Src/bus_voltage_sensor.c ****   *   - Volt
  43:MCSDK_v6.3.0-Full/MotorControl/MCSDK/MCLib/Any/Src/bus_voltage_sensor.c ****   *   - u16Volt that represents the ADC converted signal measuring the voltage at sensing network a
  44:MCSDK_v6.3.0-Full/MotorControl/MCSDK/MCLib/Any/Src/bus_voltage_sensor.c ****   * @f[
  45:MCSDK_v6.3.0-Full/MotorControl/MCSDK/MCLib/Any/Src/bus_voltage_sensor.c ****   * u16Volt = (ADC\_REFERENCE\_VOLTAGE / VBUS\_PARTITIONING\_FACTOR) / 65536
  46:MCSDK_v6.3.0-Full/MotorControl/MCSDK/MCLib/Any/Src/bus_voltage_sensor.c ****   * @f]
  47:MCSDK_v6.3.0-Full/MotorControl/MCSDK/MCLib/Any/Src/bus_voltage_sensor.c ****   *
  48:MCSDK_v6.3.0-Full/MotorControl/MCSDK/MCLib/Any/Src/bus_voltage_sensor.c ****   * @{
  49:MCSDK_v6.3.0-Full/MotorControl/MCSDK/MCLib/Any/Src/bus_voltage_sensor.c ****   */
  50:MCSDK_v6.3.0-Full/MotorControl/MCSDK/MCLib/Any/Src/bus_voltage_sensor.c **** 
  51:MCSDK_v6.3.0-Full/MotorControl/MCSDK/MCLib/Any/Src/bus_voltage_sensor.c **** /**
  52:MCSDK_v6.3.0-Full/MotorControl/MCSDK/MCLib/Any/Src/bus_voltage_sensor.c ****   * @brief  It return latest Vbus conversion result expressed in u16Volt format
  53:MCSDK_v6.3.0-Full/MotorControl/MCSDK/MCLib/Any/Src/bus_voltage_sensor.c ****   * @param  pHandle related Handle of BusVoltageSensor_Handle_t
  54:MCSDK_v6.3.0-Full/MotorControl/MCSDK/MCLib/Any/Src/bus_voltage_sensor.c ****   * @retval uint16_t Latest Vbus conversion result in u16Volt format
  55:MCSDK_v6.3.0-Full/MotorControl/MCSDK/MCLib/Any/Src/bus_voltage_sensor.c ****   */
  56:MCSDK_v6.3.0-Full/MotorControl/MCSDK/MCLib/Any/Src/bus_voltage_sensor.c **** __weak uint16_t VBS_GetBusVoltage_d(const BusVoltageSensor_Handle_t *pHandle)
  57:MCSDK_v6.3.0-Full/MotorControl/MCSDK/MCLib/Any/Src/bus_voltage_sensor.c **** {
  31              		.loc 1 57 1 view -0
  32              		.cfi_startproc
  33              		@ args = 0, pretend = 0, frame = 0
  34              		@ frame_needed = 0, uses_anonymous_args = 0
  35              		@ link register save eliminated.
  58:MCSDK_v6.3.0-Full/MotorControl/MCSDK/MCLib/Any/Src/bus_voltage_sensor.c **** #ifdef NULL_PTR_CHECK_BUS_VOLT
  59:MCSDK_v6.3.0-Full/MotorControl/MCSDK/MCLib/Any/Src/bus_voltage_sensor.c ****   uint16_t temp_latestConv;
  60:MCSDK_v6.3.0-Full/MotorControl/MCSDK/MCLib/Any/Src/bus_voltage_sensor.c ****   if (MC_NULL == pHandle)
  61:MCSDK_v6.3.0-Full/MotorControl/MCSDK/MCLib/Any/Src/bus_voltage_sensor.c ****   {
  62:MCSDK_v6.3.0-Full/MotorControl/MCSDK/MCLib/Any/Src/bus_voltage_sensor.c ****     temp_latestConv = 0;
  63:MCSDK_v6.3.0-Full/MotorControl/MCSDK/MCLib/Any/Src/bus_voltage_sensor.c ****   }
  64:MCSDK_v6.3.0-Full/MotorControl/MCSDK/MCLib/Any/Src/bus_voltage_sensor.c ****   else
  65:MCSDK_v6.3.0-Full/MotorControl/MCSDK/MCLib/Any/Src/bus_voltage_sensor.c ****   {
  66:MCSDK_v6.3.0-Full/MotorControl/MCSDK/MCLib/Any/Src/bus_voltage_sensor.c ****     temp_latestConv = pHandle->LatestConv;
  67:MCSDK_v6.3.0-Full/MotorControl/MCSDK/MCLib/Any/Src/bus_voltage_sensor.c ****   }
  68:MCSDK_v6.3.0-Full/MotorControl/MCSDK/MCLib/Any/Src/bus_voltage_sensor.c ****   return (temp_latestConv);
  69:MCSDK_v6.3.0-Full/MotorControl/MCSDK/MCLib/Any/Src/bus_voltage_sensor.c **** #else
  70:MCSDK_v6.3.0-Full/MotorControl/MCSDK/MCLib/Any/Src/bus_voltage_sensor.c ****   return (pHandle->LatestConv);
  36              		.loc 1 70 3 view .LVU1
  71:MCSDK_v6.3.0-Full/MotorControl/MCSDK/MCLib/Any/Src/bus_voltage_sensor.c **** #endif
  72:MCSDK_v6.3.0-Full/MotorControl/MCSDK/MCLib/Any/Src/bus_voltage_sensor.c **** }
  37              		.loc 1 72 1 is_stmt 0 view .LVU2
  38 0000 8088     		ldrh	r0, [r0, #4]
  39              	.LVL1:
  40              		.loc 1 72 1 view .LVU3
  41 0002 7047     		bx	lr
  42              		.cfi_endproc
  43              	.LFE1437:
ARM GAS  /tmp/ccZq0O7m.s 			page 3


  45              		.section	.text.VBS_GetAvBusVoltage_V,"ax",%progbits
  46              		.align	1
  47              		.p2align 2,,3
  48              		.weak	VBS_GetAvBusVoltage_V
  49              		.syntax unified
  50              		.thumb
  51              		.thumb_func
  52              		.fpu fpv4-sp-d16
  54              	VBS_GetAvBusVoltage_V:
  55              	.LVL2:
  56              	.LFB1438:
  73:MCSDK_v6.3.0-Full/MotorControl/MCSDK/MCLib/Any/Src/bus_voltage_sensor.c **** 
  74:MCSDK_v6.3.0-Full/MotorControl/MCSDK/MCLib/Any/Src/bus_voltage_sensor.c **** /**
  75:MCSDK_v6.3.0-Full/MotorControl/MCSDK/MCLib/Any/Src/bus_voltage_sensor.c ****   * @brief  It return latest averaged Vbus measurement expressed in Volt format
  76:MCSDK_v6.3.0-Full/MotorControl/MCSDK/MCLib/Any/Src/bus_voltage_sensor.c ****   * @param  pHandle related Handle of BusVoltageSensor_Handle_t
  77:MCSDK_v6.3.0-Full/MotorControl/MCSDK/MCLib/Any/Src/bus_voltage_sensor.c ****   * @retval uint16_t Latest averaged Vbus measurement in Volt format
  78:MCSDK_v6.3.0-Full/MotorControl/MCSDK/MCLib/Any/Src/bus_voltage_sensor.c ****   */
  79:MCSDK_v6.3.0-Full/MotorControl/MCSDK/MCLib/Any/Src/bus_voltage_sensor.c **** __weak uint16_t VBS_GetAvBusVoltage_V(const BusVoltageSensor_Handle_t *pHandle)
  80:MCSDK_v6.3.0-Full/MotorControl/MCSDK/MCLib/Any/Src/bus_voltage_sensor.c **** {
  57              		.loc 1 80 1 is_stmt 1 view -0
  58              		.cfi_startproc
  59              		@ args = 0, pretend = 0, frame = 0
  60              		@ frame_needed = 0, uses_anonymous_args = 0
  61              		@ link register save eliminated.
  81:MCSDK_v6.3.0-Full/MotorControl/MCSDK/MCLib/Any/Src/bus_voltage_sensor.c ****   uint32_t temp;
  62              		.loc 1 81 3 view .LVU5
  82:MCSDK_v6.3.0-Full/MotorControl/MCSDK/MCLib/Any/Src/bus_voltage_sensor.c **** #ifdef NULL_PTR_CHECK_BUS_VOLT
  83:MCSDK_v6.3.0-Full/MotorControl/MCSDK/MCLib/Any/Src/bus_voltage_sensor.c ****   if (MC_NULL == pHandle)
  84:MCSDK_v6.3.0-Full/MotorControl/MCSDK/MCLib/Any/Src/bus_voltage_sensor.c ****   {
  85:MCSDK_v6.3.0-Full/MotorControl/MCSDK/MCLib/Any/Src/bus_voltage_sensor.c ****     temp = 0U;
  86:MCSDK_v6.3.0-Full/MotorControl/MCSDK/MCLib/Any/Src/bus_voltage_sensor.c ****   }
  87:MCSDK_v6.3.0-Full/MotorControl/MCSDK/MCLib/Any/Src/bus_voltage_sensor.c ****   else
  88:MCSDK_v6.3.0-Full/MotorControl/MCSDK/MCLib/Any/Src/bus_voltage_sensor.c ****   {
  89:MCSDK_v6.3.0-Full/MotorControl/MCSDK/MCLib/Any/Src/bus_voltage_sensor.c **** #endif
  90:MCSDK_v6.3.0-Full/MotorControl/MCSDK/MCLib/Any/Src/bus_voltage_sensor.c ****     temp = (uint32_t)(pHandle->AvBusVoltage_d);
  63              		.loc 1 90 5 view .LVU6
  64              		.loc 1 90 10 is_stmt 0 view .LVU7
  65 0000 C388     		ldrh	r3, [r0, #6]
  66              	.LVL3:
  91:MCSDK_v6.3.0-Full/MotorControl/MCSDK/MCLib/Any/Src/bus_voltage_sensor.c ****     temp *= pHandle->ConversionFactor;
  67              		.loc 1 91 5 is_stmt 1 view .LVU8
  68              		.loc 1 91 20 is_stmt 0 view .LVU9
  69 0002 4088     		ldrh	r0, [r0, #2]
  70              	.LVL4:
  71              		.loc 1 91 10 view .LVU10
  72 0004 03FB00F0 		mul	r0, r3, r0
  73              	.LVL5:
  92:MCSDK_v6.3.0-Full/MotorControl/MCSDK/MCLib/Any/Src/bus_voltage_sensor.c ****     temp /= 65536U;
  74              		.loc 1 92 5 is_stmt 1 view .LVU11
  93:MCSDK_v6.3.0-Full/MotorControl/MCSDK/MCLib/Any/Src/bus_voltage_sensor.c **** #ifdef NULL_PTR_CHECK_BUS_VOLT
  94:MCSDK_v6.3.0-Full/MotorControl/MCSDK/MCLib/Any/Src/bus_voltage_sensor.c ****   }
  95:MCSDK_v6.3.0-Full/MotorControl/MCSDK/MCLib/Any/Src/bus_voltage_sensor.c **** #endif
  96:MCSDK_v6.3.0-Full/MotorControl/MCSDK/MCLib/Any/Src/bus_voltage_sensor.c ****   return ((uint16_t)temp);
  75              		.loc 1 96 3 view .LVU12
  97:MCSDK_v6.3.0-Full/MotorControl/MCSDK/MCLib/Any/Src/bus_voltage_sensor.c **** }
  76              		.loc 1 97 1 is_stmt 0 view .LVU13
  77 0008 000C     		lsrs	r0, r0, #16
ARM GAS  /tmp/ccZq0O7m.s 			page 4


  78              	.LVL6:
  79              		.loc 1 97 1 view .LVU14
  80 000a 7047     		bx	lr
  81              		.cfi_endproc
  82              	.LFE1438:
  84              		.text
  85              	.Letext0:
  86              		.file 2 "/usr/lib/gcc/arm-none-eabi/8.3.1/include/stdint.h"
  87              		.file 3 "Drivers/CMSIS/Include/core_cm4.h"
  88              		.file 4 "Drivers/CMSIS/Device/ST/STM32G4xx/Include/system_stm32g4xx.h"
  89              		.file 5 "Drivers/STM32G4xx_HAL_Driver/Inc/stm32g4xx_hal_def.h"
  90              		.file 6 "Drivers/STM32G4xx_HAL_Driver/Inc/stm32g4xx_hal_flash.h"
  91              		.file 7 "Drivers/STM32G4xx_HAL_Driver/Inc/stm32g4xx_hal_uart.h"
  92              		.file 8 "Drivers/STM32G4xx_HAL_Driver/Inc/stm32g4xx_hal.h"
  93              		.file 9 "Drivers/STM32G4xx_HAL_Driver/Inc/stm32g4xx_ll_tim.h"
  94              		.file 10 "Drivers/STM32G4xx_HAL_Driver/Inc/stm32g4xx_ll_usart.h"
  95              		.file 11 "Drivers/STM32G4xx_HAL_Driver/Inc/stm32g4xx_ll_dma.h"
  96              		.file 12 "Inc/mc_type.h"
  97              		.file 13 "MCSDK_v6.3.0-Full/MotorControl/MCSDK/MCLib/Any/Inc/bus_voltage_sensor.h"
ARM GAS  /tmp/ccZq0O7m.s 			page 5


DEFINED SYMBOLS
                            *ABS*:0000000000000000 bus_voltage_sensor.c
     /tmp/ccZq0O7m.s:18     .text.VBS_GetBusVoltage_d:0000000000000000 $t
     /tmp/ccZq0O7m.s:27     .text.VBS_GetBusVoltage_d:0000000000000000 VBS_GetBusVoltage_d
     /tmp/ccZq0O7m.s:46     .text.VBS_GetAvBusVoltage_V:0000000000000000 $t
     /tmp/ccZq0O7m.s:54     .text.VBS_GetAvBusVoltage_V:0000000000000000 VBS_GetAvBusVoltage_V

NO UNDEFINED SYMBOLS
