ARM GAS  /tmp/ccNnpTOW.s 			page 1


   1              		.cpu cortex-m4
   2              		.eabi_attribute 27, 1
   3              		.eabi_attribute 28, 1
   4              		.eabi_attribute 20, 1
   5              		.eabi_attribute 21, 1
   6              		.eabi_attribute 23, 3
   7              		.eabi_attribute 24, 1
   8              		.eabi_attribute 25, 1
   9              		.eabi_attribute 26, 1
  10              		.eabi_attribute 30, 2
  11              		.eabi_attribute 34, 1
  12              		.eabi_attribute 18, 4
  13              		.file	"mc_configuration_registers.c"
  14              		.text
  15              	.Ltext0:
  16              		.cfi_sections	.debug_frame
  17              		.global	ApplicationConfig_reg
  18              		.global	MotorConfig_reg
  19              		.global	FOCConfig_reg
  20              		.global	PWR_BOARD_NAME
  21              		.global	globalConfig_reg
  22              		.global	FIRMWARE_NAME
  23              		.global	CTL_BOARD
  24              		.section	.data.ApplicationConfig_reg,"aw"
  25              		.align	2
  28              	ApplicationConfig_reg:
  29 0000 00000000 		.word	M1_ApplicationConfig_reg
  30              		.section	.data.FOCConfig_reg,"aw"
  31              		.align	2
  34              	FOCConfig_reg:
  35 0000 00000000 		.word	M1_FOCConfig_reg
  36              		.section	.data.MotorConfig_reg,"aw"
  37              		.align	2
  40              	MotorConfig_reg:
  41 0000 00000000 		.word	M1_MotorConfig_reg
  42              		.section	.data.PWR_BOARD_NAME,"aw"
  43              		.align	2
  46              	PWR_BOARD_NAME:
  47 0000 00000000 		.word	M1_PWR_BOARD
  48              		.section	.rodata.CTL_BOARD,"a"
  49              		.align	2
  52              	CTL_BOARD:
  53 0000 422D4734 		.ascii	"B-G431B-ESC1\000"
  53      3331422D 
  53      45534331 
  53      00
  54              		.section	.rodata.FIRMWARE_NAME,"a"
  55              		.align	2
  58              	FIRMWARE_NAME:
  59 0000 5354204D 		.ascii	"ST MC SDK\011Ver.6.3.0\000"
  59      43205344 
  59      4B095665 
  59      722E362E 
  59      332E3000 
  60              		.section	.rodata.M1_ApplicationConfig_reg,"a"
  61              		.align	2
  64              	M1_ApplicationConfig_reg:
ARM GAS  /tmp/ccNnpTOW.s 			page 2


  65 0000 B80B0000 		.word	3000
  66 0004 42B37042 		.word	1114682178
  67 0008 CDCCCC3F 		.word	1070386381
  68 000c 1800     		.short	24
  69 000e 00       		.byte	0
  70 000f 00       		.space	1
  71              		.section	.rodata.M1_FOCConfig_reg,"a"
  72              		.align	2
  75              	M1_FOCConfig_reg:
  76 0000 01       		.byte	1
  77 0001 00       		.byte	0
  78 0002 00       		.byte	0
  79 0003 01       		.byte	1
  80 0004 204E0000 		.word	20000
  81 0008 E803     		.short	1000
  82 000a 0006     		.short	1536
  83 000c 0000     		.short	0
  84              		.section	.rodata.M1_MotorConfig_reg,"a"
  85              		.align	2
  88              	M1_MotorConfig_reg:
  89 0000 00000040 		.word	1073741824
  90 0004 0000C040 		.word	1086324736
  91 0008 9A99993E 		.word	1050253722
  92 000c 00000000 		.space	4
  93 0010 52499D39 		.word	966609234
  94 0014 52499D39 		.word	966609234
  95 0018 CDCCCC3F 		.word	1070386381
  96 001c 00000000 		.space	8
  96      00000000 
  97 0024 5368696E 		.ascii	"Shinano LA052-080E3NL1\000"
  97      616E6F20 
  97      4C413035 
  97      322D3038 
  97      3045334E 
  98 003b 00       		.space	1
  99              		.section	.rodata.M1_PWR_BOARD,"a"
 100              		.align	2
 103              	M1_PWR_BOARD:
 104 0000 422D4734 		.ascii	"B-G431B-ESC1\000"
 104      3331422D 
 104      45534331 
 104      00
 105              		.section	.rodata.globalConfig_reg,"a"
 106              		.align	2
 109              	globalConfig_reg:
 110 0000 00000306 		.word	100859904
 111 0004 01       		.byte	1
 112 0005 02       		.byte	2
 113 0006 0A       		.byte	10
 114 0007 00       		.byte	0
 115 0008 00       		.byte	0
 116 0009 00       		.space	1
 117              		.text
 118              	.Letext0:
 119              		.file 1 "/usr/lib/gcc/arm-none-eabi/8.3.1/include/stdint.h"
 120              		.file 2 "Drivers/CMSIS/Include/core_cm4.h"
 121              		.file 3 "Drivers/CMSIS/Device/ST/STM32G4xx/Include/system_stm32g4xx.h"
ARM GAS  /tmp/ccNnpTOW.s 			page 3


 122              		.file 4 "Drivers/CMSIS/Device/ST/STM32G4xx/Include/stm32g431xx.h"
 123              		.file 5 "Drivers/STM32G4xx_HAL_Driver/Inc/stm32g4xx_hal_def.h"
 124              		.file 6 "Drivers/STM32G4xx_HAL_Driver/Inc/stm32g4xx_hal_flash.h"
 125              		.file 7 "Drivers/STM32G4xx_HAL_Driver/Inc/stm32g4xx_hal_uart.h"
 126              		.file 8 "Drivers/STM32G4xx_HAL_Driver/Inc/stm32g4xx_hal.h"
 127              		.file 9 "Drivers/STM32G4xx_HAL_Driver/Inc/stm32g4xx_ll_tim.h"
 128              		.file 10 "Drivers/STM32G4xx_HAL_Driver/Inc/stm32g4xx_ll_usart.h"
 129              		.file 11 "Drivers/STM32G4xx_HAL_Driver/Inc/stm32g4xx_ll_dma.h"
 130              		.file 12 "Inc/mc_type.h"
 131              		.file 13 "Inc/mc_configuration_registers.h"
 132              		.file 14 "Inc/mc_interface.h"
 133              		.file 15 "MCSDK_v6.3.0-Full/MotorControl/MCSDK/MCLib/Any/Inc/esc.h"
 134              		.file 16 "MCSDK_v6.3.0-Full/MotorControl/MCSDK/MCLib/G4xx/Inc/r3_2_g4xx_pwm_curr_fdbk.h"
 135              		.file 17 "Inc/mc_parameters.h"
 136              		.file 18 "Src/mc_configuration_registers.c"
ARM GAS  /tmp/ccNnpTOW.s 			page 4


DEFINED SYMBOLS
                            *ABS*:0000000000000000 mc_configuration_registers.c
     /tmp/ccNnpTOW.s:28     .data.ApplicationConfig_reg:0000000000000000 ApplicationConfig_reg
     /tmp/ccNnpTOW.s:40     .data.MotorConfig_reg:0000000000000000 MotorConfig_reg
     /tmp/ccNnpTOW.s:34     .data.FOCConfig_reg:0000000000000000 FOCConfig_reg
     /tmp/ccNnpTOW.s:46     .data.PWR_BOARD_NAME:0000000000000000 PWR_BOARD_NAME
     /tmp/ccNnpTOW.s:109    .rodata.globalConfig_reg:0000000000000000 globalConfig_reg
     /tmp/ccNnpTOW.s:58     .rodata.FIRMWARE_NAME:0000000000000000 FIRMWARE_NAME
     /tmp/ccNnpTOW.s:52     .rodata.CTL_BOARD:0000000000000000 CTL_BOARD
     /tmp/ccNnpTOW.s:25     .data.ApplicationConfig_reg:0000000000000000 $d
     /tmp/ccNnpTOW.s:64     .rodata.M1_ApplicationConfig_reg:0000000000000000 M1_ApplicationConfig_reg
     /tmp/ccNnpTOW.s:31     .data.FOCConfig_reg:0000000000000000 $d
     /tmp/ccNnpTOW.s:75     .rodata.M1_FOCConfig_reg:0000000000000000 M1_FOCConfig_reg
     /tmp/ccNnpTOW.s:37     .data.MotorConfig_reg:0000000000000000 $d
     /tmp/ccNnpTOW.s:88     .rodata.M1_MotorConfig_reg:0000000000000000 M1_MotorConfig_reg
     /tmp/ccNnpTOW.s:43     .data.PWR_BOARD_NAME:0000000000000000 $d
     /tmp/ccNnpTOW.s:103    .rodata.M1_PWR_BOARD:0000000000000000 M1_PWR_BOARD
     /tmp/ccNnpTOW.s:49     .rodata.CTL_BOARD:0000000000000000 $d
     /tmp/ccNnpTOW.s:55     .rodata.FIRMWARE_NAME:0000000000000000 $d
     /tmp/ccNnpTOW.s:61     .rodata.M1_ApplicationConfig_reg:0000000000000000 $d
     /tmp/ccNnpTOW.s:72     .rodata.M1_FOCConfig_reg:0000000000000000 $d
     /tmp/ccNnpTOW.s:85     .rodata.M1_MotorConfig_reg:0000000000000000 $d
     /tmp/ccNnpTOW.s:100    .rodata.M1_PWR_BOARD:0000000000000000 $d
     /tmp/ccNnpTOW.s:106    .rodata.globalConfig_reg:0000000000000000 $d

NO UNDEFINED SYMBOLS
