ARM GAS  /tmp/cccMfEgo.s 			page 1


   1              		.cpu cortex-m4
   2              		.eabi_attribute 27, 1
   3              		.eabi_attribute 28, 1
   4              		.eabi_attribute 20, 1
   5              		.eabi_attribute 21, 1
   6              		.eabi_attribute 23, 3
   7              		.eabi_attribute 24, 1
   8              		.eabi_attribute 25, 1
   9              		.eabi_attribute 26, 1
  10              		.eabi_attribute 30, 2
  11              		.eabi_attribute 34, 1
  12              		.eabi_attribute 18, 4
  13              		.file	"motorcontrol.c"
  14              		.text
  15              	.Ltext0:
  16              		.cfi_sections	.debug_frame
  17              		.section	.text.MX_MotorControl_Init,"ax",%progbits
  18              		.align	1
  19              		.p2align 2,,3
  20              		.weak	MX_MotorControl_Init
  21              		.arch armv7e-m
  22              		.syntax unified
  23              		.thumb
  24              		.thumb_func
  25              		.fpu fpv4-sp-d16
  27              	MX_MotorControl_Init:
  28              	.LFB1466:
  29              		.file 1 "Src/motorcontrol.c"
   1:Src/motorcontrol.c **** /**
   2:Src/motorcontrol.c ****   ******************************************************************************
   3:Src/motorcontrol.c ****   * @file    motorcontrol.c
   4:Src/motorcontrol.c ****   * @author  Motor Control SDK Team, ST Microelectronics
   5:Src/motorcontrol.c ****   * @brief   Motor Control Subsystem initialization functions.
   6:Src/motorcontrol.c ****   ******************************************************************************
   7:Src/motorcontrol.c ****   * @attention
   8:Src/motorcontrol.c ****   *
   9:Src/motorcontrol.c ****   * <h2><center>&copy; Copyright (c) 2024 STMicroelectronics.
  10:Src/motorcontrol.c ****   * All rights reserved.</center></h2>
  11:Src/motorcontrol.c ****   *
  12:Src/motorcontrol.c ****   * This software component is licensed by ST under Ultimate Liberty license
  13:Src/motorcontrol.c ****   * SLA0044, the "License"; You may not use this file except in compliance with
  14:Src/motorcontrol.c ****   * the License. You may obtain a copy of the License at:
  15:Src/motorcontrol.c ****   *                             www.st.com/SLA0044
  16:Src/motorcontrol.c ****   *
  17:Src/motorcontrol.c ****   ******************************************************************************
  18:Src/motorcontrol.c ****   * @ingroup MCInterface
  19:Src/motorcontrol.c ****   */
  20:Src/motorcontrol.c **** //cstat -MISRAC2012-Rule-21.1
  21:Src/motorcontrol.c **** #include "main.h"
  22:Src/motorcontrol.c **** //cstat +MISRAC2012-Rule-21.1
  23:Src/motorcontrol.c **** #include "mc_interface.h"
  24:Src/motorcontrol.c **** #include "mc_tasks.h"
  25:Src/motorcontrol.c **** 
  26:Src/motorcontrol.c **** #include "motorcontrol.h"
  27:Src/motorcontrol.c **** 
  28:Src/motorcontrol.c **** /** @addtogroup MCSDK
  29:Src/motorcontrol.c ****   * @{
ARM GAS  /tmp/cccMfEgo.s 			page 2


  30:Src/motorcontrol.c ****   */
  31:Src/motorcontrol.c **** 
  32:Src/motorcontrol.c **** /** @addtogroup MCInterface
  33:Src/motorcontrol.c ****   * @{
  34:Src/motorcontrol.c ****   */
  35:Src/motorcontrol.c **** 
  36:Src/motorcontrol.c **** MCI_Handle_t* pMCI[NBR_OF_MOTORS];
  37:Src/motorcontrol.c **** 
  38:Src/motorcontrol.c **** /**
  39:Src/motorcontrol.c ****  * @brief Initializes and configures the Motor Control Subsystem
  40:Src/motorcontrol.c ****  *
  41:Src/motorcontrol.c ****  *  This function initializes and configures all the structures and components needed
  42:Src/motorcontrol.c ****  * for the Motor Control subsystem required by the Application. It expects that
  43:Src/motorcontrol.c ****  * all the peripherals needed for Motor Control purposes are already configured but
  44:Src/motorcontrol.c ****  * that their interrupts are not enabled yet.
  45:Src/motorcontrol.c ****  *
  46:Src/motorcontrol.c ****  * CubeMX calls this function after all peripherals initializations and
  47:Src/motorcontrol.c ****  * before the NVIC is configured
  48:Src/motorcontrol.c ****  */
  49:Src/motorcontrol.c **** __weak void MX_MotorControl_Init(void)
  50:Src/motorcontrol.c **** {
  30              		.loc 1 50 1 view -0
  31              		.cfi_startproc
  32              		@ args = 0, pretend = 0, frame = 0
  33              		@ frame_needed = 0, uses_anonymous_args = 0
  51:Src/motorcontrol.c ****   /* Reconfigure the SysTick interrupt to fire every 500 us. */
  52:Src/motorcontrol.c ****   (void)HAL_SYSTICK_Config(HAL_RCC_GetHCLKFreq() / SYS_TICK_FREQUENCY);
  34              		.loc 1 52 3 view .LVU1
  50:Src/motorcontrol.c ****   /* Reconfigure the SysTick interrupt to fire every 500 us. */
  35              		.loc 1 50 1 is_stmt 0 view .LVU2
  36 0000 08B5     		push	{r3, lr}
  37              	.LCFI0:
  38              		.cfi_def_cfa_offset 8
  39              		.cfi_offset 3, -8
  40              		.cfi_offset 14, -4
  41              		.loc 1 52 28 view .LVU3
  42 0002 FFF7FEFF 		bl	HAL_RCC_GetHCLKFreq
  43              	.LVL0:
  44              		.loc 1 52 9 view .LVU4
  45 0006 0A4B     		ldr	r3, .L4
  46 0008 A3FB0030 		umull	r3, r0, r3, r0
  47 000c C009     		lsrs	r0, r0, #7
  48 000e FFF7FEFF 		bl	HAL_SYSTICK_Config
  49              	.LVL1:
  53:Src/motorcontrol.c ****   HAL_NVIC_SetPriority(SysTick_IRQn, uwTickPrio, 0U);
  50              		.loc 1 53 3 is_stmt 1 view .LVU5
  51 0012 084B     		ldr	r3, .L4+4
  52 0014 0022     		movs	r2, #0
  53 0016 1968     		ldr	r1, [r3]
  54 0018 4FF0FF30 		mov	r0, #-1
  55 001c FFF7FEFF 		bl	HAL_NVIC_SetPriority
  56              	.LVL2:
  54:Src/motorcontrol.c **** 
  55:Src/motorcontrol.c ****   /* Initialize the Motor Control Subsystem */
  56:Src/motorcontrol.c ****   MCboot(pMCI);
  57              		.loc 1 56 3 view .LVU6
  58 0020 0548     		ldr	r0, .L4+8
ARM GAS  /tmp/cccMfEgo.s 			page 3


  59 0022 FFF7FEFF 		bl	MCboot
  60              	.LVL3:
  57:Src/motorcontrol.c ****   mc_lock_pins();
  61              		.loc 1 57 3 view .LVU7
  58:Src/motorcontrol.c **** }
  62              		.loc 1 58 1 is_stmt 0 view .LVU8
  63 0026 BDE80840 		pop	{r3, lr}
  64              	.LCFI1:
  65              		.cfi_restore 14
  66              		.cfi_restore 3
  67              		.cfi_def_cfa_offset 0
  57:Src/motorcontrol.c ****   mc_lock_pins();
  68              		.loc 1 57 3 view .LVU9
  69 002a FFF7FEBF 		b	mc_lock_pins
  70              	.LVL4:
  71              	.L5:
  72 002e 00BF     		.align	2
  73              	.L4:
  74 0030 D34D6210 		.word	274877907
  75 0034 00000000 		.word	uwTickPrio
  76 0038 00000000 		.word	pMCI
  77              		.cfi_endproc
  78              	.LFE1466:
  80              		.comm	pMCI,4,4
  81              		.text
  82              	.Letext0:
  83              		.file 2 "/usr/lib/gcc/arm-none-eabi/8.3.1/include/stdint.h"
  84              		.file 3 "Drivers/CMSIS/Include/core_cm4.h"
  85              		.file 4 "Drivers/CMSIS/Device/ST/STM32G4xx/Include/system_stm32g4xx.h"
  86              		.file 5 "Drivers/CMSIS/Device/ST/STM32G4xx/Include/stm32g431xx.h"
  87              		.file 6 "Drivers/STM32G4xx_HAL_Driver/Inc/stm32g4xx_hal_def.h"
  88              		.file 7 "Drivers/STM32G4xx_HAL_Driver/Inc/stm32g4xx_hal_flash.h"
  89              		.file 8 "Drivers/STM32G4xx_HAL_Driver/Inc/stm32g4xx_hal_uart.h"
  90              		.file 9 "Drivers/STM32G4xx_HAL_Driver/Inc/stm32g4xx_hal.h"
  91              		.file 10 "Drivers/STM32G4xx_HAL_Driver/Inc/stm32g4xx_ll_tim.h"
  92              		.file 11 "Drivers/STM32G4xx_HAL_Driver/Inc/stm32g4xx_ll_usart.h"
  93              		.file 12 "Drivers/STM32G4xx_HAL_Driver/Inc/stm32g4xx_ll_dma.h"
  94              		.file 13 "Inc/mc_type.h"
  95              		.file 14 "MCSDK_v6.3.0-Full/MotorControl/MCSDK/MCLib/Any/Inc/pid_regulator.h"
  96              		.file 15 "MCSDK_v6.3.0-Full/MotorControl/MCSDK/MCLib/Any/Inc/speed_pos_fdbk.h"
  97              		.file 16 "MCSDK_v6.3.0-Full/MotorControl/MCSDK/MCLib/Any/Inc/speed_torq_ctrl.h"
  98              		.file 17 "MCSDK_v6.3.0-Full/MotorControl/MCSDK/MCLib/Any/Inc/virtual_speed_sensor.h"
  99              		.file 18 "MCSDK_v6.3.0-Full/MotorControl/MCSDK/MCLib/Any/Inc/sto_speed_pos_fdbk.h"
 100              		.file 19 "Inc/pwm_curr_fdbk.h"
 101              		.file 20 "MCSDK_v6.3.0-Full/MotorControl/MCSDK/MCLib/Any/Inc/revup_ctrl.h"
 102              		.file 21 "MCSDK_v6.3.0-Full/MotorControl/MCSDK/MCLib/Any/Inc/ntc_temperature_sensor.h"
 103              		.file 22 "Inc/mc_interface.h"
 104              		.file 23 "Inc/mc_configuration_registers.h"
 105              		.file 24 "Inc/regular_conversion_manager.h"
 106              		.file 25 "MCSDK_v6.3.0-Full/MotorControl/MCSDK/MCLib/Any/Inc/bus_voltage_sensor.h"
 107              		.file 26 "MCSDK_v6.3.0-Full/MotorControl/MCSDK/MCLib/Any/Inc/r_divider_bus_voltage_sensor.h"
 108              		.file 27 "MCSDK_v6.3.0-Full/MotorControl/MCSDK/MCLib/Any/Inc/esc.h"
 109              		.file 28 "Inc/mc_config_common.h"
 110              		.file 29 "MCSDK_v6.3.0-Full/MotorControl/MCSDK/MCLib/Any/Inc/pqd_motor_power_measurement.h"
 111              		.file 30 "MCSDK_v6.3.0-Full/MotorControl/MCSDK/MCLib/G4xx/Inc/r3_2_g4xx_pwm_curr_fdbk.h"
 112              		.file 31 "MCSDK_v6.3.0-Full/MotorControl/MCSDK/MCLib/Any/Inc/ramp_ext_mngr.h"
 113              		.file 32 "MCSDK_v6.3.0-Full/MotorControl/MCSDK/MCLib/Any/Inc/circle_limitation.h"
ARM GAS  /tmp/cccMfEgo.s 			page 4


 114              		.file 33 "MCSDK_v6.3.0-Full/MotorControl/MCSDK/MCLib/Any/Inc/sto_pll_speed_pos_fdbk.h"
 115              		.file 34 "Inc/mc_config.h"
 116              		.file 35 "Inc/mc_parameters.h"
 117              		.file 36 "Drivers/STM32G4xx_HAL_Driver/Inc/stm32g4xx_hal_rcc.h"
 118              		.file 37 "Drivers/STM32G4xx_HAL_Driver/Inc/stm32g4xx_hal_cortex.h"
 119              		.file 38 "Inc/mc_tasks.h"
ARM GAS  /tmp/cccMfEgo.s 			page 5


DEFINED SYMBOLS
                            *ABS*:0000000000000000 motorcontrol.c
     /tmp/cccMfEgo.s:18     .text.MX_MotorControl_Init:0000000000000000 $t
     /tmp/cccMfEgo.s:27     .text.MX_MotorControl_Init:0000000000000000 MX_MotorControl_Init
     /tmp/cccMfEgo.s:74     .text.MX_MotorControl_Init:0000000000000030 $d
                            *COM*:0000000000000004 pMCI

UNDEFINED SYMBOLS
HAL_RCC_GetHCLKFreq
HAL_SYSTICK_Config
HAL_NVIC_SetPriority
MCboot
mc_lock_pins
uwTickPrio
