ARM GAS  /tmp/ccJk9pif.s 			page 1


   1              		.cpu cortex-m4
   2              		.eabi_attribute 27, 1
   3              		.eabi_attribute 28, 1
   4              		.eabi_attribute 20, 1
   5              		.eabi_attribute 21, 1
   6              		.eabi_attribute 23, 3
   7              		.eabi_attribute 24, 1
   8              		.eabi_attribute 25, 1
   9              		.eabi_attribute 26, 1
  10              		.eabi_attribute 30, 2
  11              		.eabi_attribute 34, 1
  12              		.eabi_attribute 18, 4
  13              		.file	"pqd_motor_power_measurement.c"
  14              		.text
  15              	.Ltext0:
  16              		.cfi_sections	.debug_frame
  17              		.section	.text.PQD_CalcElMotorPower,"ax",%progbits
  18              		.align	1
  19              		.p2align 2,,3
  20              		.weak	PQD_CalcElMotorPower
  21              		.arch armv7e-m
  22              		.syntax unified
  23              		.thumb
  24              		.thumb_func
  25              		.fpu fpv4-sp-d16
  27              	PQD_CalcElMotorPower:
  28              	.LVL0:
  29              	.LFB1437:
  30              		.file 1 "MCSDK_v6.3.0-Full/MotorControl/MCSDK/MCLib/Any/Src/pqd_motor_power_measurement.c"
   1:MCSDK_v6.3.0-Full/MotorControl/MCSDK/MCLib/Any/Src/pqd_motor_power_measurement.c **** /**
   2:MCSDK_v6.3.0-Full/MotorControl/MCSDK/MCLib/Any/Src/pqd_motor_power_measurement.c ****   ******************************************************************************
   3:MCSDK_v6.3.0-Full/MotorControl/MCSDK/MCLib/Any/Src/pqd_motor_power_measurement.c ****   * @file    pqd_motor_power_measurement.c
   4:MCSDK_v6.3.0-Full/MotorControl/MCSDK/MCLib/Any/Src/pqd_motor_power_measurement.c ****   * @author  Motor Control SDK Team, ST Microelectronics
   5:MCSDK_v6.3.0-Full/MotorControl/MCSDK/MCLib/Any/Src/pqd_motor_power_measurement.c ****   * @brief   This file provides the functions that implement the  features of the 
   6:MCSDK_v6.3.0-Full/MotorControl/MCSDK/MCLib/Any/Src/pqd_motor_power_measurement.c ****   *          PQD Motor Power Measurement component of the Motor Control SDK.
   7:MCSDK_v6.3.0-Full/MotorControl/MCSDK/MCLib/Any/Src/pqd_motor_power_measurement.c ****   *
   8:MCSDK_v6.3.0-Full/MotorControl/MCSDK/MCLib/Any/Src/pqd_motor_power_measurement.c ****   ******************************************************************************
   9:MCSDK_v6.3.0-Full/MotorControl/MCSDK/MCLib/Any/Src/pqd_motor_power_measurement.c ****   * @attention
  10:MCSDK_v6.3.0-Full/MotorControl/MCSDK/MCLib/Any/Src/pqd_motor_power_measurement.c ****   *
  11:MCSDK_v6.3.0-Full/MotorControl/MCSDK/MCLib/Any/Src/pqd_motor_power_measurement.c ****   * <h2><center>&copy; Copyright (c) 2024 STMicroelectronics.
  12:MCSDK_v6.3.0-Full/MotorControl/MCSDK/MCLib/Any/Src/pqd_motor_power_measurement.c ****   * All rights reserved.</center></h2>
  13:MCSDK_v6.3.0-Full/MotorControl/MCSDK/MCLib/Any/Src/pqd_motor_power_measurement.c ****   *
  14:MCSDK_v6.3.0-Full/MotorControl/MCSDK/MCLib/Any/Src/pqd_motor_power_measurement.c ****   * This software component is licensed by ST under Ultimate Liberty license
  15:MCSDK_v6.3.0-Full/MotorControl/MCSDK/MCLib/Any/Src/pqd_motor_power_measurement.c ****   * SLA0044, the "License"; You may not use this file except in compliance with
  16:MCSDK_v6.3.0-Full/MotorControl/MCSDK/MCLib/Any/Src/pqd_motor_power_measurement.c ****   * the License. You may obtain a copy of the License at:
  17:MCSDK_v6.3.0-Full/MotorControl/MCSDK/MCLib/Any/Src/pqd_motor_power_measurement.c ****   *                             www.st.com/SLA0044
  18:MCSDK_v6.3.0-Full/MotorControl/MCSDK/MCLib/Any/Src/pqd_motor_power_measurement.c ****   *
  19:MCSDK_v6.3.0-Full/MotorControl/MCSDK/MCLib/Any/Src/pqd_motor_power_measurement.c ****   ******************************************************************************
  20:MCSDK_v6.3.0-Full/MotorControl/MCSDK/MCLib/Any/Src/pqd_motor_power_measurement.c ****   * @ingroup pqd_motorpowermeasurement
  21:MCSDK_v6.3.0-Full/MotorControl/MCSDK/MCLib/Any/Src/pqd_motor_power_measurement.c ****   */
  22:MCSDK_v6.3.0-Full/MotorControl/MCSDK/MCLib/Any/Src/pqd_motor_power_measurement.c **** 
  23:MCSDK_v6.3.0-Full/MotorControl/MCSDK/MCLib/Any/Src/pqd_motor_power_measurement.c **** /* Includes ------------------------------------------------------------------*/
  24:MCSDK_v6.3.0-Full/MotorControl/MCSDK/MCLib/Any/Src/pqd_motor_power_measurement.c **** 
  25:MCSDK_v6.3.0-Full/MotorControl/MCSDK/MCLib/Any/Src/pqd_motor_power_measurement.c **** #include "pqd_motor_power_measurement.h"
  26:MCSDK_v6.3.0-Full/MotorControl/MCSDK/MCLib/Any/Src/pqd_motor_power_measurement.c **** #include "mc_type.h"
  27:MCSDK_v6.3.0-Full/MotorControl/MCSDK/MCLib/Any/Src/pqd_motor_power_measurement.c **** 
  28:MCSDK_v6.3.0-Full/MotorControl/MCSDK/MCLib/Any/Src/pqd_motor_power_measurement.c **** 
ARM GAS  /tmp/ccJk9pif.s 			page 2


  29:MCSDK_v6.3.0-Full/MotorControl/MCSDK/MCLib/Any/Src/pqd_motor_power_measurement.c **** /** @addtogroup MCSDK
  30:MCSDK_v6.3.0-Full/MotorControl/MCSDK/MCLib/Any/Src/pqd_motor_power_measurement.c ****   * @{
  31:MCSDK_v6.3.0-Full/MotorControl/MCSDK/MCLib/Any/Src/pqd_motor_power_measurement.c ****   */
  32:MCSDK_v6.3.0-Full/MotorControl/MCSDK/MCLib/Any/Src/pqd_motor_power_measurement.c **** 
  33:MCSDK_v6.3.0-Full/MotorControl/MCSDK/MCLib/Any/Src/pqd_motor_power_measurement.c **** /** @defgroup pqd_motorpowermeasurement PQD Motor Power Measurement
  34:MCSDK_v6.3.0-Full/MotorControl/MCSDK/MCLib/Any/Src/pqd_motor_power_measurement.c ****   * @brief Motor Power Measurement component using DQ-frame current and voltage values 
  35:MCSDK_v6.3.0-Full/MotorControl/MCSDK/MCLib/Any/Src/pqd_motor_power_measurement.c ****   *
  36:MCSDK_v6.3.0-Full/MotorControl/MCSDK/MCLib/Any/Src/pqd_motor_power_measurement.c ****   * The PQD Motor Power Measurement component uses @f$I_d@f$, @f$I_q@f$, @f$V_d@f$ and @f$V_q@f$
  37:MCSDK_v6.3.0-Full/MotorControl/MCSDK/MCLib/Any/Src/pqd_motor_power_measurement.c ****   * to compute the electrical power flowing through the motor.
  38:MCSDK_v6.3.0-Full/MotorControl/MCSDK/MCLib/Any/Src/pqd_motor_power_measurement.c ****   * 
  39:MCSDK_v6.3.0-Full/MotorControl/MCSDK/MCLib/Any/Src/pqd_motor_power_measurement.c ****   * These values are periodically sampled from the current regulation loop and used to compute 
  40:MCSDK_v6.3.0-Full/MotorControl/MCSDK/MCLib/Any/Src/pqd_motor_power_measurement.c ****   * instantaneous power values. The instantaneous values are then used to compute an average
  41:MCSDK_v6.3.0-Full/MotorControl/MCSDK/MCLib/Any/Src/pqd_motor_power_measurement.c ****   * power value that is stored. These computations are done with integer operations and the
  42:MCSDK_v6.3.0-Full/MotorControl/MCSDK/MCLib/Any/Src/pqd_motor_power_measurement.c ****   * average value is store as an integer, in s16 digit format (s16A x s16V unit). 
  43:MCSDK_v6.3.0-Full/MotorControl/MCSDK/MCLib/Any/Src/pqd_motor_power_measurement.c ****   * 
  44:MCSDK_v6.3.0-Full/MotorControl/MCSDK/MCLib/Any/Src/pqd_motor_power_measurement.c ****   * The PQD Motor Power Measurement component provides an interface, PQD_GetAvrgElMotorPowerW()
  45:MCSDK_v6.3.0-Full/MotorControl/MCSDK/MCLib/Any/Src/pqd_motor_power_measurement.c ****   * that converts the int16_t digit average power into a floating point value expressed in
  46:MCSDK_v6.3.0-Full/MotorControl/MCSDK/MCLib/Any/Src/pqd_motor_power_measurement.c ****   * Watts.
  47:MCSDK_v6.3.0-Full/MotorControl/MCSDK/MCLib/Any/Src/pqd_motor_power_measurement.c ****   *
  48:MCSDK_v6.3.0-Full/MotorControl/MCSDK/MCLib/Any/Src/pqd_motor_power_measurement.c ****   * @{
  49:MCSDK_v6.3.0-Full/MotorControl/MCSDK/MCLib/Any/Src/pqd_motor_power_measurement.c ****   */
  50:MCSDK_v6.3.0-Full/MotorControl/MCSDK/MCLib/Any/Src/pqd_motor_power_measurement.c **** 
  51:MCSDK_v6.3.0-Full/MotorControl/MCSDK/MCLib/Any/Src/pqd_motor_power_measurement.c **** /**
  52:MCSDK_v6.3.0-Full/MotorControl/MCSDK/MCLib/Any/Src/pqd_motor_power_measurement.c ****   * @brief Updates the average electrical motor power measure with the latest values 
  53:MCSDK_v6.3.0-Full/MotorControl/MCSDK/MCLib/Any/Src/pqd_motor_power_measurement.c ****   *        of the DQ currents and voltages.
  54:MCSDK_v6.3.0-Full/MotorControl/MCSDK/MCLib/Any/Src/pqd_motor_power_measurement.c ****   * 
  55:MCSDK_v6.3.0-Full/MotorControl/MCSDK/MCLib/Any/Src/pqd_motor_power_measurement.c ****   * This method should be called with Medium Frequency Task periodicity. It computes an
  56:MCSDK_v6.3.0-Full/MotorControl/MCSDK/MCLib/Any/Src/pqd_motor_power_measurement.c ****   * instantaneous power value using the latest @f$I_{qd}@f$ and @f$V_{qd}@f$ data available
  57:MCSDK_v6.3.0-Full/MotorControl/MCSDK/MCLib/Any/Src/pqd_motor_power_measurement.c ****   * and uses it to update the average motor power value. 
  58:MCSDK_v6.3.0-Full/MotorControl/MCSDK/MCLib/Any/Src/pqd_motor_power_measurement.c ****   * 
  59:MCSDK_v6.3.0-Full/MotorControl/MCSDK/MCLib/Any/Src/pqd_motor_power_measurement.c ****   * Computations are done on s16A and s16V integer values defined in
  60:MCSDK_v6.3.0-Full/MotorControl/MCSDK/MCLib/Any/Src/pqd_motor_power_measurement.c ****   * [Current measurement unit](measurement_units.md). The average motor power value is
  61:MCSDK_v6.3.0-Full/MotorControl/MCSDK/MCLib/Any/Src/pqd_motor_power_measurement.c ****   * computed as an int16_t value.
  62:MCSDK_v6.3.0-Full/MotorControl/MCSDK/MCLib/Any/Src/pqd_motor_power_measurement.c ****   * 
  63:MCSDK_v6.3.0-Full/MotorControl/MCSDK/MCLib/Any/Src/pqd_motor_power_measurement.c ****   * @param pHandle Handle on the related PQD Motor Power Measurement component instance.
  64:MCSDK_v6.3.0-Full/MotorControl/MCSDK/MCLib/Any/Src/pqd_motor_power_measurement.c ****   */
  65:MCSDK_v6.3.0-Full/MotorControl/MCSDK/MCLib/Any/Src/pqd_motor_power_measurement.c **** __weak void PQD_CalcElMotorPower(PQD_MotorPowMeas_Handle_t *pHandle)
  66:MCSDK_v6.3.0-Full/MotorControl/MCSDK/MCLib/Any/Src/pqd_motor_power_measurement.c **** {
  31              		.loc 1 66 1 view -0
  32              		.cfi_startproc
  33              		@ args = 0, pretend = 0, frame = 0
  34              		@ frame_needed = 0, uses_anonymous_args = 0
  35              		@ link register save eliminated.
  67:MCSDK_v6.3.0-Full/MotorControl/MCSDK/MCLib/Any/Src/pqd_motor_power_measurement.c **** #ifdef NULL_PTR_CHECK_PQD_MOT_POW_MEAS
  68:MCSDK_v6.3.0-Full/MotorControl/MCSDK/MCLib/Any/Src/pqd_motor_power_measurement.c ****   if (MC_NULL == pHandle)
  69:MCSDK_v6.3.0-Full/MotorControl/MCSDK/MCLib/Any/Src/pqd_motor_power_measurement.c ****   {
  70:MCSDK_v6.3.0-Full/MotorControl/MCSDK/MCLib/Any/Src/pqd_motor_power_measurement.c ****     /* Nothing to do */
  71:MCSDK_v6.3.0-Full/MotorControl/MCSDK/MCLib/Any/Src/pqd_motor_power_measurement.c ****   }
  72:MCSDK_v6.3.0-Full/MotorControl/MCSDK/MCLib/Any/Src/pqd_motor_power_measurement.c ****   else
  73:MCSDK_v6.3.0-Full/MotorControl/MCSDK/MCLib/Any/Src/pqd_motor_power_measurement.c ****   {
  74:MCSDK_v6.3.0-Full/MotorControl/MCSDK/MCLib/Any/Src/pqd_motor_power_measurement.c **** #endif
  75:MCSDK_v6.3.0-Full/MotorControl/MCSDK/MCLib/Any/Src/pqd_motor_power_measurement.c ****     int32_t wAux;
  36              		.loc 1 75 5 view .LVU1
  76:MCSDK_v6.3.0-Full/MotorControl/MCSDK/MCLib/Any/Src/pqd_motor_power_measurement.c ****     qd_t Iqd = pHandle->pFOCVars->Iqd;
  37              		.loc 1 76 5 view .LVU2
  66:MCSDK_v6.3.0-Full/MotorControl/MCSDK/MCLib/Any/Src/pqd_motor_power_measurement.c **** #ifdef NULL_PTR_CHECK_PQD_MOT_POW_MEAS
  38              		.loc 1 66 1 is_stmt 0 view .LVU3
ARM GAS  /tmp/ccJk9pif.s 			page 3


  39 0000 30B4     		push	{r4, r5}
  40              	.LCFI0:
  41              		.cfi_def_cfa_offset 8
  42              		.cfi_offset 4, -8
  43              		.cfi_offset 5, -4
  44              		.loc 1 76 23 view .LVU4
  45 0002 8468     		ldr	r4, [r0, #8]
  46              	.LVL1:
  77:MCSDK_v6.3.0-Full/MotorControl/MCSDK/MCLib/Any/Src/pqd_motor_power_measurement.c ****     qd_t Vqd = pHandle->pFOCVars->Vqd;
  47              		.loc 1 77 5 is_stmt 1 view .LVU5
  78:MCSDK_v6.3.0-Full/MotorControl/MCSDK/MCLib/Any/Src/pqd_motor_power_measurement.c **** 
  79:MCSDK_v6.3.0-Full/MotorControl/MCSDK/MCLib/Any/Src/pqd_motor_power_measurement.c ****     wAux = ((int32_t)Iqd.q * (int32_t)Vqd.q)
  48              		.loc 1 79 5 view .LVU6
  80:MCSDK_v6.3.0-Full/MotorControl/MCSDK/MCLib/Any/Src/pqd_motor_power_measurement.c ****          + ((int32_t)Iqd.d * (int32_t)Vqd.d);
  81:MCSDK_v6.3.0-Full/MotorControl/MCSDK/MCLib/Any/Src/pqd_motor_power_measurement.c ****     wAux /= 65536;
  82:MCSDK_v6.3.0-Full/MotorControl/MCSDK/MCLib/Any/Src/pqd_motor_power_measurement.c **** 
  83:MCSDK_v6.3.0-Full/MotorControl/MCSDK/MCLib/Any/Src/pqd_motor_power_measurement.c ****     /* pHandle->hAvrgElMotorPower += (wAux - pHandle->hAvrgElMotorPower) >> 4 */
  84:MCSDK_v6.3.0-Full/MotorControl/MCSDK/MCLib/Any/Src/pqd_motor_power_measurement.c ****     pHandle->hAvrgElMotorPower += (int16_t)((wAux - (int32_t)pHandle->hAvrgElMotorPower) / 16);
  49              		.loc 1 84 32 is_stmt 0 view .LVU7
  50 0004 B0F90010 		ldrsh	r1, [r0]
  80:MCSDK_v6.3.0-Full/MotorControl/MCSDK/MCLib/Any/Src/pqd_motor_power_measurement.c ****          + ((int32_t)Iqd.d * (int32_t)Vqd.d);
  51              		.loc 1 80 28 view .LVU8
  52 0008 258B     		ldrh	r5, [r4, #24]
  53 000a E389     		ldrh	r3, [r4, #14]
  79:MCSDK_v6.3.0-Full/MotorControl/MCSDK/MCLib/Any/Src/pqd_motor_power_measurement.c ****          + ((int32_t)Iqd.d * (int32_t)Vqd.d);
  54              		.loc 1 79 10 view .LVU9
  55 000c A289     		ldrh	r2, [r4, #12]
  56 000e E48A     		ldrh	r4, [r4, #22]
  57              	.LVL2:
  80:MCSDK_v6.3.0-Full/MotorControl/MCSDK/MCLib/Any/Src/pqd_motor_power_measurement.c ****          + ((int32_t)Iqd.d * (int32_t)Vqd.d);
  58              		.loc 1 80 28 view .LVU10
  59 0010 13FB05F3 		smulbb	r3, r3, r5
  60              	.LVL3:
  81:MCSDK_v6.3.0-Full/MotorControl/MCSDK/MCLib/Any/Src/pqd_motor_power_measurement.c **** 
  61              		.loc 1 81 5 is_stmt 1 view .LVU11
  62              		.loc 1 84 5 view .LVU12
  81:MCSDK_v6.3.0-Full/MotorControl/MCSDK/MCLib/Any/Src/pqd_motor_power_measurement.c **** 
  63              		.loc 1 81 10 is_stmt 0 view .LVU13
  64 0014 12FB0433 		smlabb	r3, r2, r4, r3
  65              	.LVL4:
  81:MCSDK_v6.3.0-Full/MotorControl/MCSDK/MCLib/Any/Src/pqd_motor_power_measurement.c **** 
  66              		.loc 1 81 10 view .LVU14
  67 0018 002B     		cmp	r3, #0
  68 001a BCBF     		itt	lt
  69 001c 03F57F43 		addlt	r3, r3, #65280
  70              	.LVL5:
  81:MCSDK_v6.3.0-Full/MotorControl/MCSDK/MCLib/Any/Src/pqd_motor_power_measurement.c **** 
  71              		.loc 1 81 10 view .LVU15
  72 0020 FF33     		addlt	r3, r3, #255
  73              		.loc 1 84 90 view .LVU16
  74 0022 D1EB2343 		rsbs	r3, r1, r3, asr #16
  75 0026 48BF     		it	mi
  76 0028 0F33     		addmi	r3, r3, #15
  77              		.loc 1 84 32 view .LVU17
  78 002a 01EB2313 		add	r3, r1, r3, asr #4
  79 002e 0380     		strh	r3, [r0]	@ movhi
  80              	.LVL6:
ARM GAS  /tmp/ccJk9pif.s 			page 4


  85:MCSDK_v6.3.0-Full/MotorControl/MCSDK/MCLib/Any/Src/pqd_motor_power_measurement.c **** 
  86:MCSDK_v6.3.0-Full/MotorControl/MCSDK/MCLib/Any/Src/pqd_motor_power_measurement.c **** #ifdef NULL_PTR_CHECK_PQD_MOT_POW_MEAS
  87:MCSDK_v6.3.0-Full/MotorControl/MCSDK/MCLib/Any/Src/pqd_motor_power_measurement.c ****   }
  88:MCSDK_v6.3.0-Full/MotorControl/MCSDK/MCLib/Any/Src/pqd_motor_power_measurement.c **** #endif
  89:MCSDK_v6.3.0-Full/MotorControl/MCSDK/MCLib/Any/Src/pqd_motor_power_measurement.c **** }
  81              		.loc 1 89 1 view .LVU18
  82 0030 30BC     		pop	{r4, r5}
  83              	.LCFI1:
  84              		.cfi_restore 5
  85              		.cfi_restore 4
  86              		.cfi_def_cfa_offset 0
  87              		.loc 1 89 1 view .LVU19
  88 0032 7047     		bx	lr
  89              		.cfi_endproc
  90              	.LFE1437:
  92              		.section	.text.PQD_Clear,"ax",%progbits
  93              		.align	1
  94              		.p2align 2,,3
  95              		.weak	PQD_Clear
  96              		.syntax unified
  97              		.thumb
  98              		.thumb_func
  99              		.fpu fpv4-sp-d16
 101              	PQD_Clear:
 102              	.LVL7:
 103              	.LFB1438:
  90:MCSDK_v6.3.0-Full/MotorControl/MCSDK/MCLib/Any/Src/pqd_motor_power_measurement.c **** 
  91:MCSDK_v6.3.0-Full/MotorControl/MCSDK/MCLib/Any/Src/pqd_motor_power_measurement.c **** /**
  92:MCSDK_v6.3.0-Full/MotorControl/MCSDK/MCLib/Any/Src/pqd_motor_power_measurement.c ****   * @brief  Clears the int16_t digit average motor power value stored in the handle.
  93:MCSDK_v6.3.0-Full/MotorControl/MCSDK/MCLib/Any/Src/pqd_motor_power_measurement.c ****   * 
  94:MCSDK_v6.3.0-Full/MotorControl/MCSDK/MCLib/Any/Src/pqd_motor_power_measurement.c ****   * This function should be called before each motor start.
  95:MCSDK_v6.3.0-Full/MotorControl/MCSDK/MCLib/Any/Src/pqd_motor_power_measurement.c ****   * 
  96:MCSDK_v6.3.0-Full/MotorControl/MCSDK/MCLib/Any/Src/pqd_motor_power_measurement.c ****   * @param pHandle Handle on the related PQD Motor Power Measurement component instance.
  97:MCSDK_v6.3.0-Full/MotorControl/MCSDK/MCLib/Any/Src/pqd_motor_power_measurement.c ****   */
  98:MCSDK_v6.3.0-Full/MotorControl/MCSDK/MCLib/Any/Src/pqd_motor_power_measurement.c **** __weak void PQD_Clear(PQD_MotorPowMeas_Handle_t *pHandle)
  99:MCSDK_v6.3.0-Full/MotorControl/MCSDK/MCLib/Any/Src/pqd_motor_power_measurement.c **** {
 104              		.loc 1 99 1 is_stmt 1 view -0
 105              		.cfi_startproc
 106              		@ args = 0, pretend = 0, frame = 0
 107              		@ frame_needed = 0, uses_anonymous_args = 0
 108              		@ link register save eliminated.
 100:MCSDK_v6.3.0-Full/MotorControl/MCSDK/MCLib/Any/Src/pqd_motor_power_measurement.c **** #ifdef NULL_PTR_CHECK_MOT_POW_MES
 101:MCSDK_v6.3.0-Full/MotorControl/MCSDK/MCLib/Any/Src/pqd_motor_power_measurement.c ****   if (MC_NULL == pHandle)
 102:MCSDK_v6.3.0-Full/MotorControl/MCSDK/MCLib/Any/Src/pqd_motor_power_measurement.c ****   {
 103:MCSDK_v6.3.0-Full/MotorControl/MCSDK/MCLib/Any/Src/pqd_motor_power_measurement.c ****     /* nothing to do */
 104:MCSDK_v6.3.0-Full/MotorControl/MCSDK/MCLib/Any/Src/pqd_motor_power_measurement.c ****   }
 105:MCSDK_v6.3.0-Full/MotorControl/MCSDK/MCLib/Any/Src/pqd_motor_power_measurement.c ****   else
 106:MCSDK_v6.3.0-Full/MotorControl/MCSDK/MCLib/Any/Src/pqd_motor_power_measurement.c ****   {
 107:MCSDK_v6.3.0-Full/MotorControl/MCSDK/MCLib/Any/Src/pqd_motor_power_measurement.c **** #endif
 108:MCSDK_v6.3.0-Full/MotorControl/MCSDK/MCLib/Any/Src/pqd_motor_power_measurement.c ****     pHandle->hAvrgElMotorPower = 0;
 109              		.loc 1 108 5 view .LVU21
 110              		.loc 1 108 32 is_stmt 0 view .LVU22
 111 0000 0023     		movs	r3, #0
 112 0002 0380     		strh	r3, [r0]	@ movhi
 109:MCSDK_v6.3.0-Full/MotorControl/MCSDK/MCLib/Any/Src/pqd_motor_power_measurement.c **** #ifdef NULL_PTR_CHECK_MOT_POW_MES
 110:MCSDK_v6.3.0-Full/MotorControl/MCSDK/MCLib/Any/Src/pqd_motor_power_measurement.c ****   }
 111:MCSDK_v6.3.0-Full/MotorControl/MCSDK/MCLib/Any/Src/pqd_motor_power_measurement.c **** #endif
ARM GAS  /tmp/ccJk9pif.s 			page 5


 112:MCSDK_v6.3.0-Full/MotorControl/MCSDK/MCLib/Any/Src/pqd_motor_power_measurement.c **** }
 113              		.loc 1 112 1 view .LVU23
 114 0004 7047     		bx	lr
 115              		.cfi_endproc
 116              	.LFE1438:
 118 0006 00BF     		.section	.text.PQD_GetAvrgElMotorPowerW,"ax",%progbits
 119              		.align	1
 120              		.p2align 2,,3
 121              		.weak	PQD_GetAvrgElMotorPowerW
 122              		.syntax unified
 123              		.thumb
 124              		.thumb_func
 125              		.fpu fpv4-sp-d16
 127              	PQD_GetAvrgElMotorPowerW:
 128              	.LVL8:
 129              	.LFB1439:
 113:MCSDK_v6.3.0-Full/MotorControl/MCSDK/MCLib/Any/Src/pqd_motor_power_measurement.c **** 
 114:MCSDK_v6.3.0-Full/MotorControl/MCSDK/MCLib/Any/Src/pqd_motor_power_measurement.c **** /**
 115:MCSDK_v6.3.0-Full/MotorControl/MCSDK/MCLib/Any/Src/pqd_motor_power_measurement.c ****   * @brief Returns an average value of the measured motor power expressed in Watts
 116:MCSDK_v6.3.0-Full/MotorControl/MCSDK/MCLib/Any/Src/pqd_motor_power_measurement.c ****   * 
 117:MCSDK_v6.3.0-Full/MotorControl/MCSDK/MCLib/Any/Src/pqd_motor_power_measurement.c ****   * This function converts the int16_t digit average motor power value stored in the handle
 118:MCSDK_v6.3.0-Full/MotorControl/MCSDK/MCLib/Any/Src/pqd_motor_power_measurement.c ****   * in a floating point value in Watts.
 119:MCSDK_v6.3.0-Full/MotorControl/MCSDK/MCLib/Any/Src/pqd_motor_power_measurement.c ****   * 
 120:MCSDK_v6.3.0-Full/MotorControl/MCSDK/MCLib/Any/Src/pqd_motor_power_measurement.c ****   * @param pHandle pointer on the related component instance.
 121:MCSDK_v6.3.0-Full/MotorControl/MCSDK/MCLib/Any/Src/pqd_motor_power_measurement.c ****   * @retval float_t The average measured motor power expressed in Watts.
 122:MCSDK_v6.3.0-Full/MotorControl/MCSDK/MCLib/Any/Src/pqd_motor_power_measurement.c ****   */
 123:MCSDK_v6.3.0-Full/MotorControl/MCSDK/MCLib/Any/Src/pqd_motor_power_measurement.c **** __weak float_t PQD_GetAvrgElMotorPowerW(const PQD_MotorPowMeas_Handle_t *pHandle)
 124:MCSDK_v6.3.0-Full/MotorControl/MCSDK/MCLib/Any/Src/pqd_motor_power_measurement.c **** {
 130              		.loc 1 124 1 is_stmt 1 view -0
 131              		.cfi_startproc
 132              		@ args = 0, pretend = 0, frame = 0
 133              		@ frame_needed = 0, uses_anonymous_args = 0
 125:MCSDK_v6.3.0-Full/MotorControl/MCSDK/MCLib/Any/Src/pqd_motor_power_measurement.c ****   float_t PowerW = 0.0f;
 134              		.loc 1 125 3 view .LVU25
 126:MCSDK_v6.3.0-Full/MotorControl/MCSDK/MCLib/Any/Src/pqd_motor_power_measurement.c ****   
 127:MCSDK_v6.3.0-Full/MotorControl/MCSDK/MCLib/Any/Src/pqd_motor_power_measurement.c **** #ifdef NULL_PTR_CHECK_PQD_MOT_POW_MEAS
 128:MCSDK_v6.3.0-Full/MotorControl/MCSDK/MCLib/Any/Src/pqd_motor_power_measurement.c ****   if (MC_NULL == pHandle)
 129:MCSDK_v6.3.0-Full/MotorControl/MCSDK/MCLib/Any/Src/pqd_motor_power_measurement.c ****   {
 130:MCSDK_v6.3.0-Full/MotorControl/MCSDK/MCLib/Any/Src/pqd_motor_power_measurement.c ****     /* Nothing to do */
 131:MCSDK_v6.3.0-Full/MotorControl/MCSDK/MCLib/Any/Src/pqd_motor_power_measurement.c ****   }
 132:MCSDK_v6.3.0-Full/MotorControl/MCSDK/MCLib/Any/Src/pqd_motor_power_measurement.c ****   else
 133:MCSDK_v6.3.0-Full/MotorControl/MCSDK/MCLib/Any/Src/pqd_motor_power_measurement.c ****   {
 134:MCSDK_v6.3.0-Full/MotorControl/MCSDK/MCLib/Any/Src/pqd_motor_power_measurement.c **** #endif
 135:MCSDK_v6.3.0-Full/MotorControl/MCSDK/MCLib/Any/Src/pqd_motor_power_measurement.c **** 
 136:MCSDK_v6.3.0-Full/MotorControl/MCSDK/MCLib/Any/Src/pqd_motor_power_measurement.c ****   /* First perform an integer multiplication, then a float one. */
 137:MCSDK_v6.3.0-Full/MotorControl/MCSDK/MCLib/Any/Src/pqd_motor_power_measurement.c ****   PowerW = ((float_t)pHandle->hAvrgElMotorPower * (float_t)VBS_GetAvBusVoltage_V(pHandle->pVBS)) * 
 135              		.loc 1 137 3 view .LVU26
 124:MCSDK_v6.3.0-Full/MotorControl/MCSDK/MCLib/Any/Src/pqd_motor_power_measurement.c ****   float_t PowerW = 0.0f;
 136              		.loc 1 124 1 is_stmt 0 view .LVU27
 137 0000 10B5     		push	{r4, lr}
 138              	.LCFI2:
 139              		.cfi_def_cfa_offset 8
 140              		.cfi_offset 4, -8
 141              		.cfi_offset 14, -4
 142              		.loc 1 137 13 view .LVU28
 143 0002 B0F90030 		ldrsh	r3, [r0]
 144 0006 07EE903A 		vmov	s15, r3	@ int
ARM GAS  /tmp/ccJk9pif.s 			page 6


 124:MCSDK_v6.3.0-Full/MotorControl/MCSDK/MCLib/Any/Src/pqd_motor_power_measurement.c ****   float_t PowerW = 0.0f;
 145              		.loc 1 124 1 view .LVU29
 146 000a 2DED028B 		vpush.64	{d8}
 147              	.LCFI3:
 148              		.cfi_def_cfa_offset 16
 149              		.cfi_offset 80, -16
 150              		.cfi_offset 81, -12
 124:MCSDK_v6.3.0-Full/MotorControl/MCSDK/MCLib/Any/Src/pqd_motor_power_measurement.c ****   float_t PowerW = 0.0f;
 151              		.loc 1 124 1 view .LVU30
 152 000e 0446     		mov	r4, r0
 153              		.loc 1 137 60 view .LVU31
 154 0010 C068     		ldr	r0, [r0, #12]
 155              	.LVL9:
 156              		.loc 1 137 13 view .LVU32
 157 0012 B8EEE78A 		vcvt.f32.s32	s16, s15
 158              		.loc 1 137 60 view .LVU33
 159 0016 FFF7FEFF 		bl	VBS_GetAvBusVoltage_V
 160              	.LVL10:
 138:MCSDK_v6.3.0-Full/MotorControl/MCSDK/MCLib/Any/Src/pqd_motor_power_measurement.c **** 
 139:MCSDK_v6.3.0-Full/MotorControl/MCSDK/MCLib/Any/Src/pqd_motor_power_measurement.c **** #ifdef NULL_PTR_CHECK_PQD_MOT_POW_MEAS
 140:MCSDK_v6.3.0-Full/MotorControl/MCSDK/MCLib/Any/Src/pqd_motor_power_measurement.c ****   }
 141:MCSDK_v6.3.0-Full/MotorControl/MCSDK/MCLib/Any/Src/pqd_motor_power_measurement.c **** #endif
 142:MCSDK_v6.3.0-Full/MotorControl/MCSDK/MCLib/Any/Src/pqd_motor_power_measurement.c ****   return (PowerW);
 161              		.loc 1 142 3 is_stmt 1 view .LVU34
 137:MCSDK_v6.3.0-Full/MotorControl/MCSDK/MCLib/Any/Src/pqd_motor_power_measurement.c **** 
 162              		.loc 1 137 51 is_stmt 0 view .LVU35
 163 001a 07EE900A 		vmov	s15, r0	@ int
 164 001e F8EE677A 		vcvt.f32.u32	s15, s15
 137:MCSDK_v6.3.0-Full/MotorControl/MCSDK/MCLib/Any/Src/pqd_motor_power_measurement.c **** 
 165              		.loc 1 137 10 view .LVU36
 166 0022 94ED010A 		vldr.32	s0, [r4, #4]
 137:MCSDK_v6.3.0-Full/MotorControl/MCSDK/MCLib/Any/Src/pqd_motor_power_measurement.c **** 
 167              		.loc 1 137 49 view .LVU37
 168 0026 67EE887A 		vmul.f32	s15, s15, s16
 143:MCSDK_v6.3.0-Full/MotorControl/MCSDK/MCLib/Any/Src/pqd_motor_power_measurement.c **** }
 169              		.loc 1 143 1 view .LVU38
 170 002a BDEC028B 		vldm	sp!, {d8}
 171              	.LCFI4:
 172              		.cfi_restore 80
 173              		.cfi_restore 81
 174              		.cfi_def_cfa_offset 8
 175              	.LVL11:
 176              		.loc 1 143 1 view .LVU39
 177 002e 27EE800A 		vmul.f32	s0, s15, s0
 178 0032 10BD     		pop	{r4, pc}
 179              		.loc 1 143 1 view .LVU40
 180              		.cfi_endproc
 181              	.LFE1439:
 183              		.text
 184              	.Letext0:
 185              		.file 2 "/usr/lib/gcc/arm-none-eabi/8.3.1/include/stdint.h"
 186              		.file 3 "Drivers/CMSIS/Include/core_cm4.h"
 187              		.file 4 "Drivers/CMSIS/Device/ST/STM32G4xx/Include/system_stm32g4xx.h"
 188              		.file 5 "Drivers/STM32G4xx_HAL_Driver/Inc/stm32g4xx_hal_def.h"
 189              		.file 6 "Drivers/STM32G4xx_HAL_Driver/Inc/stm32g4xx_hal_flash.h"
 190              		.file 7 "Drivers/STM32G4xx_HAL_Driver/Inc/stm32g4xx_hal_uart.h"
 191              		.file 8 "Drivers/STM32G4xx_HAL_Driver/Inc/stm32g4xx_hal.h"
ARM GAS  /tmp/ccJk9pif.s 			page 7


 192              		.file 9 "Drivers/STM32G4xx_HAL_Driver/Inc/stm32g4xx_ll_tim.h"
 193              		.file 10 "Drivers/STM32G4xx_HAL_Driver/Inc/stm32g4xx_ll_usart.h"
 194              		.file 11 "Drivers/STM32G4xx_HAL_Driver/Inc/stm32g4xx_ll_dma.h"
 195              		.file 12 "Inc/mc_type.h"
 196              		.file 13 "MCSDK_v6.3.0-Full/MotorControl/MCSDK/MCLib/Any/Inc/bus_voltage_sensor.h"
 197              		.file 14 "MCSDK_v6.3.0-Full/MotorControl/MCSDK/MCLib/Any/Inc/pqd_motor_power_measurement.h"
ARM GAS  /tmp/ccJk9pif.s 			page 8


DEFINED SYMBOLS
                            *ABS*:0000000000000000 pqd_motor_power_measurement.c
     /tmp/ccJk9pif.s:18     .text.PQD_CalcElMotorPower:0000000000000000 $t
     /tmp/ccJk9pif.s:27     .text.PQD_CalcElMotorPower:0000000000000000 PQD_CalcElMotorPower
     /tmp/ccJk9pif.s:93     .text.PQD_Clear:0000000000000000 $t
     /tmp/ccJk9pif.s:101    .text.PQD_Clear:0000000000000000 PQD_Clear
     /tmp/ccJk9pif.s:119    .text.PQD_GetAvrgElMotorPowerW:0000000000000000 $t
     /tmp/ccJk9pif.s:127    .text.PQD_GetAvrgElMotorPowerW:0000000000000000 PQD_GetAvrgElMotorPowerW

UNDEFINED SYMBOLS
VBS_GetAvBusVoltage_V
