ARM GAS  /tmp/ccVPMhCT.s 			page 1


   1              		.cpu cortex-m4
   2              		.eabi_attribute 27, 1
   3              		.eabi_attribute 28, 1
   4              		.eabi_attribute 20, 1
   5              		.eabi_attribute 21, 1
   6              		.eabi_attribute 23, 3
   7              		.eabi_attribute 24, 1
   8              		.eabi_attribute 25, 1
   9              		.eabi_attribute 26, 1
  10              		.eabi_attribute 30, 2
  11              		.eabi_attribute 34, 1
  12              		.eabi_attribute 18, 4
  13              		.file	"stm32g4xx_it.c"
  14              		.text
  15              	.Ltext0:
  16              		.cfi_sections	.debug_frame
  17              	.Letext0:
  18              		.file 1 "/usr/lib/gcc/arm-none-eabi/8.3.1/include/stdint.h"
  19              		.file 2 "Drivers/CMSIS/Include/core_cm4.h"
  20              		.file 3 "Drivers/CMSIS/Device/ST/STM32G4xx/Include/system_stm32g4xx.h"
  21              		.file 4 "Drivers/CMSIS/Device/ST/STM32G4xx/Include/stm32g431xx.h"
  22              		.file 5 "Drivers/STM32G4xx_HAL_Driver/Inc/stm32g4xx_hal_def.h"
  23              		.file 6 "Drivers/STM32G4xx_HAL_Driver/Inc/stm32g4xx_hal_dma.h"
  24              		.file 7 "Drivers/STM32G4xx_HAL_Driver/Inc/stm32g4xx_hal_flash.h"
  25              		.file 8 "Drivers/STM32G4xx_HAL_Driver/Inc/stm32g4xx_hal_uart.h"
  26              		.file 9 "Drivers/STM32G4xx_HAL_Driver/Inc/stm32g4xx_hal.h"
  27              		.file 10 "Drivers/STM32G4xx_HAL_Driver/Inc/stm32g4xx_ll_tim.h"
  28              		.file 11 "Drivers/STM32G4xx_HAL_Driver/Inc/stm32g4xx_ll_usart.h"
  29              		.file 12 "Drivers/STM32G4xx_HAL_Driver/Inc/stm32g4xx_ll_dma.h"
  30              		.file 13 "Inc/mc_type.h"
  31              		.file 14 "MCSDK_v6.3.0-Full/MotorControl/MCSDK/MCLib/Any/Inc/pid_regulator.h"
  32              		.file 15 "MCSDK_v6.3.0-Full/MotorControl/MCSDK/MCLib/Any/Inc/speed_pos_fdbk.h"
  33              		.file 16 "MCSDK_v6.3.0-Full/MotorControl/MCSDK/MCLib/Any/Inc/speed_torq_ctrl.h"
  34              		.file 17 "MCSDK_v6.3.0-Full/MotorControl/MCSDK/MCLib/Any/Inc/virtual_speed_sensor.h"
  35              		.file 18 "MCSDK_v6.3.0-Full/MotorControl/MCSDK/MCLib/Any/Inc/sto_speed_pos_fdbk.h"
  36              		.file 19 "Inc/pwm_curr_fdbk.h"
  37              		.file 20 "MCSDK_v6.3.0-Full/MotorControl/MCSDK/MCLib/Any/Inc/revup_ctrl.h"
  38              		.file 21 "MCSDK_v6.3.0-Full/MotorControl/MCSDK/MCLib/Any/Inc/ntc_temperature_sensor.h"
  39              		.file 22 "Inc/mc_interface.h"
  40              		.file 23 "Inc/mc_configuration_registers.h"
  41              		.file 24 "Inc/regular_conversion_manager.h"
  42              		.file 25 "MCSDK_v6.3.0-Full/MotorControl/MCSDK/MCLib/Any/Inc/bus_voltage_sensor.h"
  43              		.file 26 "MCSDK_v6.3.0-Full/MotorControl/MCSDK/MCLib/Any/Inc/r_divider_bus_voltage_sensor.h"
  44              		.file 27 "MCSDK_v6.3.0-Full/MotorControl/MCSDK/MCLib/Any/Inc/esc.h"
  45              		.file 28 "Inc/mc_config_common.h"
  46              		.file 29 "MCSDK_v6.3.0-Full/MotorControl/MCSDK/MCLib/Any/Inc/pqd_motor_power_measurement.h"
  47              		.file 30 "MCSDK_v6.3.0-Full/MotorControl/MCSDK/MCLib/G4xx/Inc/r3_2_g4xx_pwm_curr_fdbk.h"
  48              		.file 31 "MCSDK_v6.3.0-Full/MotorControl/MCSDK/MCLib/Any/Inc/ramp_ext_mngr.h"
  49              		.file 32 "MCSDK_v6.3.0-Full/MotorControl/MCSDK/MCLib/Any/Inc/circle_limitation.h"
  50              		.file 33 "MCSDK_v6.3.0-Full/MotorControl/MCSDK/MCLib/Any/Inc/sto_pll_speed_pos_fdbk.h"
  51              		.file 34 "Inc/mc_config.h"
  52              		.file 35 "Src/stm32g4xx_it.c"
ARM GAS  /tmp/ccVPMhCT.s 			page 2


DEFINED SYMBOLS
                            *ABS*:0000000000000000 stm32g4xx_it.c

NO UNDEFINED SYMBOLS
