ARM GAS  /tmp/ccRx52f7.s 			page 1


   1              		.cpu cortex-m4
   2              		.eabi_attribute 27, 1
   3              		.eabi_attribute 28, 1
   4              		.eabi_attribute 20, 1
   5              		.eabi_attribute 21, 1
   6              		.eabi_attribute 23, 3
   7              		.eabi_attribute 24, 1
   8              		.eabi_attribute 25, 1
   9              		.eabi_attribute 26, 1
  10              		.eabi_attribute 30, 2
  11              		.eabi_attribute 34, 1
  12              		.eabi_attribute 18, 4
  13              		.file	"system_stm32g4xx.c"
  14              		.text
  15              	.Ltext0:
  16              		.cfi_sections	.debug_frame
  17              		.section	.text.SystemInit,"ax",%progbits
  18              		.align	1
  19              		.p2align 2,,3
  20              		.global	SystemInit
  21              		.arch armv7e-m
  22              		.syntax unified
  23              		.thumb
  24              		.thumb_func
  25              		.fpu fpv4-sp-d16
  27              	SystemInit:
  28              	.LFB329:
  29              		.file 1 "Src/system_stm32g4xx.c"
   1:Src/system_stm32g4xx.c **** /**
   2:Src/system_stm32g4xx.c ****   ******************************************************************************
   3:Src/system_stm32g4xx.c ****   * @file    system_stm32g4xx.c
   4:Src/system_stm32g4xx.c ****   * @author  MCD Application Team
   5:Src/system_stm32g4xx.c ****   * @brief   CMSIS Cortex-M4 Device Peripheral Access Layer System Source File
   6:Src/system_stm32g4xx.c ****   *
   7:Src/system_stm32g4xx.c ****   *   This file provides two functions and one global variable to be called from
   8:Src/system_stm32g4xx.c ****   *   user application:
   9:Src/system_stm32g4xx.c ****   *      - SystemInit(): This function is called at startup just after reset and
  10:Src/system_stm32g4xx.c ****   *                      before branch to main program. This call is made inside
  11:Src/system_stm32g4xx.c ****   *                      the "startup_stm32g4xx.s" file.
  12:Src/system_stm32g4xx.c ****   *
  13:Src/system_stm32g4xx.c ****   *      - SystemCoreClock variable: Contains the core clock (HCLK), it can be used
  14:Src/system_stm32g4xx.c ****   *                                  by the user application to setup the SysTick
  15:Src/system_stm32g4xx.c ****   *                                  timer or configure other parameters.
  16:Src/system_stm32g4xx.c ****   *
  17:Src/system_stm32g4xx.c ****   *      - SystemCoreClockUpdate(): Updates the variable SystemCoreClock and must
  18:Src/system_stm32g4xx.c ****   *                                 be called whenever the core clock is changed
  19:Src/system_stm32g4xx.c ****   *                                 during program execution.
  20:Src/system_stm32g4xx.c ****   *
  21:Src/system_stm32g4xx.c ****   *   After each device reset the HSI (16 MHz) is used as system clock source.
  22:Src/system_stm32g4xx.c ****   *   Then SystemInit() function is called, in "startup_stm32g4xx.s" file, to
  23:Src/system_stm32g4xx.c ****   *   configure the system clock before to branch to main program.
  24:Src/system_stm32g4xx.c ****   *
  25:Src/system_stm32g4xx.c ****   *   This file configures the system clock as follows:
  26:Src/system_stm32g4xx.c ****   *=============================================================================
  27:Src/system_stm32g4xx.c ****   *-----------------------------------------------------------------------------
  28:Src/system_stm32g4xx.c ****   *        System Clock source                    | HSI
  29:Src/system_stm32g4xx.c ****   *-----------------------------------------------------------------------------
ARM GAS  /tmp/ccRx52f7.s 			page 2


  30:Src/system_stm32g4xx.c ****   *        SYSCLK(Hz)                             | 16000000
  31:Src/system_stm32g4xx.c ****   *-----------------------------------------------------------------------------
  32:Src/system_stm32g4xx.c ****   *        HCLK(Hz)                               | 16000000
  33:Src/system_stm32g4xx.c ****   *-----------------------------------------------------------------------------
  34:Src/system_stm32g4xx.c ****   *        AHB Prescaler                          | 1
  35:Src/system_stm32g4xx.c ****   *-----------------------------------------------------------------------------
  36:Src/system_stm32g4xx.c ****   *        APB1 Prescaler                         | 1
  37:Src/system_stm32g4xx.c ****   *-----------------------------------------------------------------------------
  38:Src/system_stm32g4xx.c ****   *        APB2 Prescaler                         | 1
  39:Src/system_stm32g4xx.c ****   *-----------------------------------------------------------------------------
  40:Src/system_stm32g4xx.c ****   *        PLL_M                                  | 1
  41:Src/system_stm32g4xx.c ****   *-----------------------------------------------------------------------------
  42:Src/system_stm32g4xx.c ****   *        PLL_N                                  | 16
  43:Src/system_stm32g4xx.c ****   *-----------------------------------------------------------------------------
  44:Src/system_stm32g4xx.c ****   *        PLL_P                                  | 7
  45:Src/system_stm32g4xx.c ****   *-----------------------------------------------------------------------------
  46:Src/system_stm32g4xx.c ****   *        PLL_Q                                  | 2
  47:Src/system_stm32g4xx.c ****   *-----------------------------------------------------------------------------
  48:Src/system_stm32g4xx.c ****   *        PLL_R                                  | 2
  49:Src/system_stm32g4xx.c ****   *-----------------------------------------------------------------------------
  50:Src/system_stm32g4xx.c ****   *        Require 48MHz for RNG                  | Disabled
  51:Src/system_stm32g4xx.c ****   *-----------------------------------------------------------------------------
  52:Src/system_stm32g4xx.c ****   *=============================================================================
  53:Src/system_stm32g4xx.c ****   ******************************************************************************
  54:Src/system_stm32g4xx.c ****   * @attention
  55:Src/system_stm32g4xx.c ****   *
  56:Src/system_stm32g4xx.c ****   * Copyright (c) 2019 STMicroelectronics.
  57:Src/system_stm32g4xx.c ****   * All rights reserved.
  58:Src/system_stm32g4xx.c ****   *
  59:Src/system_stm32g4xx.c ****   * This software is licensed under terms that can be found in the LICENSE file
  60:Src/system_stm32g4xx.c ****   * in the root directory of this software component.
  61:Src/system_stm32g4xx.c ****   * If no LICENSE file comes with this software, it is provided AS-IS.
  62:Src/system_stm32g4xx.c ****   *
  63:Src/system_stm32g4xx.c ****   ******************************************************************************
  64:Src/system_stm32g4xx.c ****   */
  65:Src/system_stm32g4xx.c **** 
  66:Src/system_stm32g4xx.c **** /** @addtogroup CMSIS
  67:Src/system_stm32g4xx.c ****   * @{
  68:Src/system_stm32g4xx.c ****   */
  69:Src/system_stm32g4xx.c **** 
  70:Src/system_stm32g4xx.c **** /** @addtogroup stm32g4xx_system
  71:Src/system_stm32g4xx.c ****   * @{
  72:Src/system_stm32g4xx.c ****   */
  73:Src/system_stm32g4xx.c **** 
  74:Src/system_stm32g4xx.c **** /** @addtogroup STM32G4xx_System_Private_Includes
  75:Src/system_stm32g4xx.c ****   * @{
  76:Src/system_stm32g4xx.c ****   */
  77:Src/system_stm32g4xx.c **** 
  78:Src/system_stm32g4xx.c **** #include "stm32g4xx.h"
  79:Src/system_stm32g4xx.c **** 
  80:Src/system_stm32g4xx.c **** #if !defined  (HSE_VALUE)
  81:Src/system_stm32g4xx.c ****   #define HSE_VALUE     24000000U /*!< Value of the External oscillator in Hz */
  82:Src/system_stm32g4xx.c **** #endif /* HSE_VALUE */
  83:Src/system_stm32g4xx.c **** 
  84:Src/system_stm32g4xx.c **** #if !defined  (HSI_VALUE)
  85:Src/system_stm32g4xx.c ****   #define HSI_VALUE    16000000U /*!< Value of the Internal oscillator in Hz*/
  86:Src/system_stm32g4xx.c **** #endif /* HSI_VALUE */
ARM GAS  /tmp/ccRx52f7.s 			page 3


  87:Src/system_stm32g4xx.c **** 
  88:Src/system_stm32g4xx.c **** /**
  89:Src/system_stm32g4xx.c ****   * @}
  90:Src/system_stm32g4xx.c ****   */
  91:Src/system_stm32g4xx.c **** 
  92:Src/system_stm32g4xx.c **** /** @addtogroup STM32G4xx_System_Private_TypesDefinitions
  93:Src/system_stm32g4xx.c ****   * @{
  94:Src/system_stm32g4xx.c ****   */
  95:Src/system_stm32g4xx.c **** 
  96:Src/system_stm32g4xx.c **** /**
  97:Src/system_stm32g4xx.c ****   * @}
  98:Src/system_stm32g4xx.c ****   */
  99:Src/system_stm32g4xx.c **** 
 100:Src/system_stm32g4xx.c **** /** @addtogroup STM32G4xx_System_Private_Defines
 101:Src/system_stm32g4xx.c ****   * @{
 102:Src/system_stm32g4xx.c ****   */
 103:Src/system_stm32g4xx.c **** 
 104:Src/system_stm32g4xx.c **** /************************* Miscellaneous Configuration ************************/
 105:Src/system_stm32g4xx.c **** /* Note: Following vector table addresses must be defined in line with linker
 106:Src/system_stm32g4xx.c ****          configuration. */
 107:Src/system_stm32g4xx.c **** /*!< Uncomment the following line if you need to relocate the vector table
 108:Src/system_stm32g4xx.c ****      anywhere in Flash or Sram, else the vector table is kept at the automatic
 109:Src/system_stm32g4xx.c ****      remap of boot address selected */
 110:Src/system_stm32g4xx.c **** /* #define USER_VECT_TAB_ADDRESS */
 111:Src/system_stm32g4xx.c **** 
 112:Src/system_stm32g4xx.c **** #if defined(USER_VECT_TAB_ADDRESS)
 113:Src/system_stm32g4xx.c **** /*!< Uncomment the following line if you need to relocate your vector Table
 114:Src/system_stm32g4xx.c ****      in Sram else user remap will be done in Flash. */
 115:Src/system_stm32g4xx.c **** /* #define VECT_TAB_SRAM */
 116:Src/system_stm32g4xx.c **** #if defined(VECT_TAB_SRAM)
 117:Src/system_stm32g4xx.c **** #define VECT_TAB_BASE_ADDRESS   SRAM_BASE       /*!< Vector Table base address field.
 118:Src/system_stm32g4xx.c ****                                                      This value must be a multiple of 0x200. */
 119:Src/system_stm32g4xx.c **** #define VECT_TAB_OFFSET         0x00000000U     /*!< Vector Table base offset field.
 120:Src/system_stm32g4xx.c ****                                                      This value must be a multiple of 0x200. */
 121:Src/system_stm32g4xx.c **** #else
 122:Src/system_stm32g4xx.c **** #define VECT_TAB_BASE_ADDRESS   FLASH_BASE      /*!< Vector Table base address field.
 123:Src/system_stm32g4xx.c ****                                                      This value must be a multiple of 0x200. */
 124:Src/system_stm32g4xx.c **** #define VECT_TAB_OFFSET         0x00000000U     /*!< Vector Table base offset field.
 125:Src/system_stm32g4xx.c ****                                                      This value must be a multiple of 0x200. */
 126:Src/system_stm32g4xx.c **** #endif /* VECT_TAB_SRAM */
 127:Src/system_stm32g4xx.c **** #endif /* USER_VECT_TAB_ADDRESS */
 128:Src/system_stm32g4xx.c **** /******************************************************************************/
 129:Src/system_stm32g4xx.c **** /**
 130:Src/system_stm32g4xx.c ****   * @}
 131:Src/system_stm32g4xx.c ****   */
 132:Src/system_stm32g4xx.c **** 
 133:Src/system_stm32g4xx.c **** /** @addtogroup STM32G4xx_System_Private_Macros
 134:Src/system_stm32g4xx.c ****   * @{
 135:Src/system_stm32g4xx.c ****   */
 136:Src/system_stm32g4xx.c **** 
 137:Src/system_stm32g4xx.c **** /**
 138:Src/system_stm32g4xx.c ****   * @}
 139:Src/system_stm32g4xx.c ****   */
 140:Src/system_stm32g4xx.c **** 
 141:Src/system_stm32g4xx.c **** /** @addtogroup STM32G4xx_System_Private_Variables
 142:Src/system_stm32g4xx.c ****   * @{
 143:Src/system_stm32g4xx.c ****   */
ARM GAS  /tmp/ccRx52f7.s 			page 4


 144:Src/system_stm32g4xx.c ****   /* The SystemCoreClock variable is updated in three ways:
 145:Src/system_stm32g4xx.c ****       1) by calling CMSIS function SystemCoreClockUpdate()
 146:Src/system_stm32g4xx.c ****       2) by calling HAL API function HAL_RCC_GetHCLKFreq()
 147:Src/system_stm32g4xx.c ****       3) each time HAL_RCC_ClockConfig() is called to configure the system clock frequency
 148:Src/system_stm32g4xx.c ****          Note: If you use this function to configure the system clock; then there
 149:Src/system_stm32g4xx.c ****                is no need to call the 2 first functions listed above, since SystemCoreClock
 150:Src/system_stm32g4xx.c ****                variable is updated automatically.
 151:Src/system_stm32g4xx.c ****   */
 152:Src/system_stm32g4xx.c ****   uint32_t SystemCoreClock = HSI_VALUE;
 153:Src/system_stm32g4xx.c **** 
 154:Src/system_stm32g4xx.c ****   const uint8_t AHBPrescTable[16] = {0U, 0U, 0U, 0U, 0U, 0U, 0U, 0U, 1U, 2U, 3U, 4U, 6U, 7U, 8U, 9U
 155:Src/system_stm32g4xx.c ****   const uint8_t APBPrescTable[8] =  {0U, 0U, 0U, 0U, 1U, 2U, 3U, 4U};
 156:Src/system_stm32g4xx.c **** 
 157:Src/system_stm32g4xx.c **** /**
 158:Src/system_stm32g4xx.c ****   * @}
 159:Src/system_stm32g4xx.c ****   */
 160:Src/system_stm32g4xx.c **** 
 161:Src/system_stm32g4xx.c **** /** @addtogroup STM32G4xx_System_Private_FunctionPrototypes
 162:Src/system_stm32g4xx.c ****   * @{
 163:Src/system_stm32g4xx.c ****   */
 164:Src/system_stm32g4xx.c **** 
 165:Src/system_stm32g4xx.c **** /**
 166:Src/system_stm32g4xx.c ****   * @}
 167:Src/system_stm32g4xx.c ****   */
 168:Src/system_stm32g4xx.c **** 
 169:Src/system_stm32g4xx.c **** /** @addtogroup STM32G4xx_System_Private_Functions
 170:Src/system_stm32g4xx.c ****   * @{
 171:Src/system_stm32g4xx.c ****   */
 172:Src/system_stm32g4xx.c **** 
 173:Src/system_stm32g4xx.c **** /**
 174:Src/system_stm32g4xx.c ****   * @brief  Setup the microcontroller system.
 175:Src/system_stm32g4xx.c ****   * @param  None
 176:Src/system_stm32g4xx.c ****   * @retval None
 177:Src/system_stm32g4xx.c ****   */
 178:Src/system_stm32g4xx.c **** 
 179:Src/system_stm32g4xx.c **** void SystemInit(void)
 180:Src/system_stm32g4xx.c **** {
  30              		.loc 1 180 1 view -0
  31              		.cfi_startproc
  32              		@ args = 0, pretend = 0, frame = 0
  33              		@ frame_needed = 0, uses_anonymous_args = 0
  34              		@ link register save eliminated.
 181:Src/system_stm32g4xx.c ****   /* FPU settings ------------------------------------------------------------*/
 182:Src/system_stm32g4xx.c ****   #if (__FPU_PRESENT == 1) && (__FPU_USED == 1)
 183:Src/system_stm32g4xx.c ****     SCB->CPACR |= ((3UL << (10*2))|(3UL << (11*2)));  /* set CP10 and CP11 Full Access */
  35              		.loc 1 183 5 view .LVU1
  36              		.loc 1 183 16 is_stmt 0 view .LVU2
  37 0000 034A     		ldr	r2, .L3
  38 0002 D2F88830 		ldr	r3, [r2, #136]
  39 0006 43F47003 		orr	r3, r3, #15728640
  40 000a C2F88830 		str	r3, [r2, #136]
 184:Src/system_stm32g4xx.c ****   #endif
 185:Src/system_stm32g4xx.c **** 
 186:Src/system_stm32g4xx.c ****   /* Configure the Vector Table location add offset address ------------------*/
 187:Src/system_stm32g4xx.c **** #if defined(USER_VECT_TAB_ADDRESS)
 188:Src/system_stm32g4xx.c ****   SCB->VTOR = VECT_TAB_BASE_ADDRESS | VECT_TAB_OFFSET; /* Vector Table Relocation in Internal SRAM 
 189:Src/system_stm32g4xx.c **** #endif /* USER_VECT_TAB_ADDRESS */
ARM GAS  /tmp/ccRx52f7.s 			page 5


 190:Src/system_stm32g4xx.c **** }
  41              		.loc 1 190 1 view .LVU3
  42 000e 7047     		bx	lr
  43              	.L4:
  44              		.align	2
  45              	.L3:
  46 0010 00ED00E0 		.word	-536810240
  47              		.cfi_endproc
  48              	.LFE329:
  50              		.section	.text.SystemCoreClockUpdate,"ax",%progbits
  51              		.align	1
  52              		.p2align 2,,3
  53              		.global	SystemCoreClockUpdate
  54              		.syntax unified
  55              		.thumb
  56              		.thumb_func
  57              		.fpu fpv4-sp-d16
  59              	SystemCoreClockUpdate:
  60              	.LFB330:
 191:Src/system_stm32g4xx.c **** 
 192:Src/system_stm32g4xx.c **** /**
 193:Src/system_stm32g4xx.c ****   * @brief  Update SystemCoreClock variable according to Clock Register Values.
 194:Src/system_stm32g4xx.c ****   *         The SystemCoreClock variable contains the core clock (HCLK), it can
 195:Src/system_stm32g4xx.c ****   *         be used by the user application to setup the SysTick timer or configure
 196:Src/system_stm32g4xx.c ****   *         other parameters.
 197:Src/system_stm32g4xx.c ****   *
 198:Src/system_stm32g4xx.c ****   * @note   Each time the core clock (HCLK) changes, this function must be called
 199:Src/system_stm32g4xx.c ****   *         to update SystemCoreClock variable value. Otherwise, any configuration
 200:Src/system_stm32g4xx.c ****   *         based on this variable will be incorrect.
 201:Src/system_stm32g4xx.c ****   *
 202:Src/system_stm32g4xx.c ****   * @note   - The system frequency computed by this function is not the real
 203:Src/system_stm32g4xx.c ****   *           frequency in the chip. It is calculated based on the predefined
 204:Src/system_stm32g4xx.c ****   *           constant and the selected clock source:
 205:Src/system_stm32g4xx.c ****   *
 206:Src/system_stm32g4xx.c ****   *           - If SYSCLK source is HSI, SystemCoreClock will contain the HSI_VALUE(**)
 207:Src/system_stm32g4xx.c ****   *
 208:Src/system_stm32g4xx.c ****   *           - If SYSCLK source is HSE, SystemCoreClock will contain the HSE_VALUE(***)
 209:Src/system_stm32g4xx.c ****   *
 210:Src/system_stm32g4xx.c ****   *           - If SYSCLK source is PLL, SystemCoreClock will contain the HSE_VALUE(***)
 211:Src/system_stm32g4xx.c ****   *             or HSI_VALUE(*) multiplied/divided by the PLL factors.
 212:Src/system_stm32g4xx.c ****   *
 213:Src/system_stm32g4xx.c ****   *         (**) HSI_VALUE is a constant defined in stm32g4xx_hal.h file (default value
 214:Src/system_stm32g4xx.c ****   *              16 MHz) but the real value may vary depending on the variations
 215:Src/system_stm32g4xx.c ****   *              in voltage and temperature.
 216:Src/system_stm32g4xx.c ****   *
 217:Src/system_stm32g4xx.c ****   *         (***) HSE_VALUE is a constant defined in stm32g4xx_hal.h file (default value
 218:Src/system_stm32g4xx.c ****   *              24 MHz), user has to ensure that HSE_VALUE is same as the real
 219:Src/system_stm32g4xx.c ****   *              frequency of the crystal used. Otherwise, this function may
 220:Src/system_stm32g4xx.c ****   *              have wrong result.
 221:Src/system_stm32g4xx.c ****   *
 222:Src/system_stm32g4xx.c ****   *         - The result of this function could be not correct when using fractional
 223:Src/system_stm32g4xx.c ****   *           value for HSE crystal.
 224:Src/system_stm32g4xx.c ****   *
 225:Src/system_stm32g4xx.c ****   * @param  None
 226:Src/system_stm32g4xx.c ****   * @retval None
 227:Src/system_stm32g4xx.c ****   */
 228:Src/system_stm32g4xx.c **** void SystemCoreClockUpdate(void)
ARM GAS  /tmp/ccRx52f7.s 			page 6


 229:Src/system_stm32g4xx.c **** {
  61              		.loc 1 229 1 is_stmt 1 view -0
  62              		.cfi_startproc
  63              		@ args = 0, pretend = 0, frame = 0
  64              		@ frame_needed = 0, uses_anonymous_args = 0
  65              		@ link register save eliminated.
 230:Src/system_stm32g4xx.c ****   uint32_t tmp, pllvco, pllr, pllsource, pllm;
  66              		.loc 1 230 3 view .LVU5
 231:Src/system_stm32g4xx.c **** 
 232:Src/system_stm32g4xx.c ****   /* Get SYSCLK source -------------------------------------------------------*/
 233:Src/system_stm32g4xx.c ****   switch (RCC->CFGR & RCC_CFGR_SWS)
  67              		.loc 1 233 3 view .LVU6
  68              		.loc 1 233 14 is_stmt 0 view .LVU7
  69 0000 1B4A     		ldr	r2, .L12
  70 0002 9368     		ldr	r3, [r2, #8]
  71              		.loc 1 233 21 view .LVU8
  72 0004 03F00C03 		and	r3, r3, #12
  73              		.loc 1 233 3 view .LVU9
  74 0008 082B     		cmp	r3, #8
  75 000a 2DD0     		beq	.L10
  76 000c 0C2B     		cmp	r3, #12
  77 000e 0FD0     		beq	.L7
  78 0010 042B     		cmp	r3, #4
  79 0012 0AD0     		beq	.L11
  80 0014 1749     		ldr	r1, .L12+4
  81 0016 0B68     		ldr	r3, [r1]
  82              	.L6:
 234:Src/system_stm32g4xx.c ****   {
 235:Src/system_stm32g4xx.c ****     case 0x04:  /* HSI used as system clock source */
 236:Src/system_stm32g4xx.c ****       SystemCoreClock = HSI_VALUE;
 237:Src/system_stm32g4xx.c ****       break;
 238:Src/system_stm32g4xx.c **** 
 239:Src/system_stm32g4xx.c ****     case 0x08:  /* HSE used as system clock source */
 240:Src/system_stm32g4xx.c ****       SystemCoreClock = HSE_VALUE;
 241:Src/system_stm32g4xx.c ****       break;
 242:Src/system_stm32g4xx.c **** 
 243:Src/system_stm32g4xx.c ****     case 0x0C:  /* PLL used as system clock  source */
 244:Src/system_stm32g4xx.c ****       /* PLL_VCO = (HSE_VALUE or HSI_VALUE / PLLM) * PLLN
 245:Src/system_stm32g4xx.c ****          SYSCLK = PLL_VCO / PLLR
 246:Src/system_stm32g4xx.c ****          */
 247:Src/system_stm32g4xx.c ****       pllsource = (RCC->PLLCFGR & RCC_PLLCFGR_PLLSRC);
 248:Src/system_stm32g4xx.c ****       pllm = ((RCC->PLLCFGR & RCC_PLLCFGR_PLLM) >> 4) + 1U ;
 249:Src/system_stm32g4xx.c ****       if (pllsource == 0x02UL) /* HSI used as PLL clock source */
 250:Src/system_stm32g4xx.c ****       {
 251:Src/system_stm32g4xx.c ****         pllvco = (HSI_VALUE / pllm);
 252:Src/system_stm32g4xx.c ****       }
 253:Src/system_stm32g4xx.c ****       else                   /* HSE used as PLL clock source */
 254:Src/system_stm32g4xx.c ****       {
 255:Src/system_stm32g4xx.c ****         pllvco = (HSE_VALUE / pllm);
 256:Src/system_stm32g4xx.c ****       }
 257:Src/system_stm32g4xx.c ****       pllvco = pllvco * ((RCC->PLLCFGR & RCC_PLLCFGR_PLLN) >> 8);
 258:Src/system_stm32g4xx.c ****       pllr = (((RCC->PLLCFGR & RCC_PLLCFGR_PLLR) >> 25) + 1U) * 2U;
 259:Src/system_stm32g4xx.c ****       SystemCoreClock = pllvco/pllr;
 260:Src/system_stm32g4xx.c ****       break;
 261:Src/system_stm32g4xx.c **** 
 262:Src/system_stm32g4xx.c ****     default:
 263:Src/system_stm32g4xx.c ****       break;
ARM GAS  /tmp/ccRx52f7.s 			page 7


 264:Src/system_stm32g4xx.c ****   }
 265:Src/system_stm32g4xx.c ****   /* Compute HCLK clock frequency --------------------------------------------*/
 266:Src/system_stm32g4xx.c ****   /* Get HCLK prescaler */
 267:Src/system_stm32g4xx.c ****   tmp = AHBPrescTable[((RCC->CFGR & RCC_CFGR_HPRE) >> 4)];
  83              		.loc 1 267 3 is_stmt 1 view .LVU10
  84              		.loc 1 267 28 is_stmt 0 view .LVU11
  85 0018 154A     		ldr	r2, .L12
  86              		.loc 1 267 22 view .LVU12
  87 001a 1748     		ldr	r0, .L12+8
  88              		.loc 1 267 28 view .LVU13
  89 001c 9268     		ldr	r2, [r2, #8]
  90              	.LVL0:
 268:Src/system_stm32g4xx.c ****   /* HCLK clock frequency */
 269:Src/system_stm32g4xx.c ****   SystemCoreClock >>= tmp;
  91              		.loc 1 269 3 is_stmt 1 view .LVU14
 267:Src/system_stm32g4xx.c ****   /* HCLK clock frequency */
  92              		.loc 1 267 52 is_stmt 0 view .LVU15
  93 001e C2F30312 		ubfx	r2, r2, #4, #4
  94              	.LVL1:
 267:Src/system_stm32g4xx.c ****   /* HCLK clock frequency */
  95              		.loc 1 267 7 view .LVU16
  96 0022 825C     		ldrb	r2, [r0, r2]	@ zero_extendqisi2
  97              		.loc 1 269 19 view .LVU17
  98 0024 D340     		lsrs	r3, r3, r2
  99 0026 0B60     		str	r3, [r1]
 270:Src/system_stm32g4xx.c **** }
 100              		.loc 1 270 1 view .LVU18
 101 0028 7047     		bx	lr
 102              	.L11:
 233:Src/system_stm32g4xx.c ****   {
 103              		.loc 1 233 3 view .LVU19
 104 002a 144B     		ldr	r3, .L12+12
 105 002c 1149     		ldr	r1, .L12+4
 106 002e F3E7     		b	.L6
 107              	.L7:
 247:Src/system_stm32g4xx.c ****       pllm = ((RCC->PLLCFGR & RCC_PLLCFGR_PLLM) >> 4) + 1U ;
 108              		.loc 1 247 7 is_stmt 1 view .LVU20
 247:Src/system_stm32g4xx.c ****       pllm = ((RCC->PLLCFGR & RCC_PLLCFGR_PLLM) >> 4) + 1U ;
 109              		.loc 1 247 23 is_stmt 0 view .LVU21
 110 0030 D168     		ldr	r1, [r2, #12]
 111              	.LVL2:
 248:Src/system_stm32g4xx.c ****       if (pllsource == 0x02UL) /* HSI used as PLL clock source */
 112              		.loc 1 248 7 is_stmt 1 view .LVU22
 248:Src/system_stm32g4xx.c ****       if (pllsource == 0x02UL) /* HSI used as PLL clock source */
 113              		.loc 1 248 19 is_stmt 0 view .LVU23
 114 0032 D368     		ldr	r3, [r2, #12]
 247:Src/system_stm32g4xx.c ****       pllm = ((RCC->PLLCFGR & RCC_PLLCFGR_PLLM) >> 4) + 1U ;
 115              		.loc 1 247 17 view .LVU24
 116 0034 01F00302 		and	r2, r1, #3
 117              	.LVL3:
 249:Src/system_stm32g4xx.c ****       {
 118              		.loc 1 249 10 view .LVU25
 119 0038 022A     		cmp	r2, #2
 248:Src/system_stm32g4xx.c ****       if (pllsource == 0x02UL) /* HSI used as PLL clock source */
 120              		.loc 1 248 49 view .LVU26
 121 003a C3F30313 		ubfx	r3, r3, #4, #4
 251:Src/system_stm32g4xx.c ****       }
ARM GAS  /tmp/ccRx52f7.s 			page 8


 122              		.loc 1 251 16 view .LVU27
 123 003e 0CBF     		ite	eq
 124 0040 0E4A     		ldreq	r2, .L12+12
 125              	.LVL4:
 255:Src/system_stm32g4xx.c ****       }
 126              		.loc 1 255 16 view .LVU28
 127 0042 0F4A     		ldrne	r2, .L12+16
 128 0044 0B49     		ldr	r1, .L12+4
 129              	.LVL5:
 248:Src/system_stm32g4xx.c ****       if (pllsource == 0x02UL) /* HSI used as PLL clock source */
 130              		.loc 1 248 12 view .LVU29
 131 0046 0133     		adds	r3, r3, #1
 132              	.LVL6:
 249:Src/system_stm32g4xx.c ****       {
 133              		.loc 1 249 7 is_stmt 1 view .LVU30
 251:Src/system_stm32g4xx.c ****       }
 134              		.loc 1 251 9 view .LVU31
 255:Src/system_stm32g4xx.c ****       }
 135              		.loc 1 255 9 view .LVU32
 255:Src/system_stm32g4xx.c ****       }
 136              		.loc 1 255 16 is_stmt 0 view .LVU33
 137 0048 B2FBF3F3 		udiv	r3, r2, r3
 138              	.LVL7:
 257:Src/system_stm32g4xx.c ****       pllr = (((RCC->PLLCFGR & RCC_PLLCFGR_PLLR) >> 25) + 1U) * 2U;
 139              		.loc 1 257 7 is_stmt 1 view .LVU34
 257:Src/system_stm32g4xx.c ****       pllr = (((RCC->PLLCFGR & RCC_PLLCFGR_PLLR) >> 25) + 1U) * 2U;
 140              		.loc 1 257 30 is_stmt 0 view .LVU35
 141 004c 084A     		ldr	r2, .L12
 142 004e D068     		ldr	r0, [r2, #12]
 143              	.LVL8:
 258:Src/system_stm32g4xx.c ****       SystemCoreClock = pllvco/pllr;
 144              		.loc 1 258 7 is_stmt 1 view .LVU36
 258:Src/system_stm32g4xx.c ****       SystemCoreClock = pllvco/pllr;
 145              		.loc 1 258 20 is_stmt 0 view .LVU37
 146 0050 D268     		ldr	r2, [r2, #12]
 147              	.LVL9:
 259:Src/system_stm32g4xx.c ****       break;
 148              		.loc 1 259 7 is_stmt 1 view .LVU38
 258:Src/system_stm32g4xx.c ****       SystemCoreClock = pllvco/pllr;
 149              		.loc 1 258 50 is_stmt 0 view .LVU39
 150 0052 C2F34162 		ubfx	r2, r2, #25, #2
 151              	.LVL10:
 258:Src/system_stm32g4xx.c ****       SystemCoreClock = pllvco/pllr;
 152              		.loc 1 258 63 view .LVU40
 153 0056 0132     		adds	r2, r2, #1
 257:Src/system_stm32g4xx.c ****       pllr = (((RCC->PLLCFGR & RCC_PLLCFGR_PLLR) >> 25) + 1U) * 2U;
 154              		.loc 1 257 60 view .LVU41
 155 0058 C0F30620 		ubfx	r0, r0, #8, #7
 156              	.LVL11:
 258:Src/system_stm32g4xx.c ****       SystemCoreClock = pllvco/pllr;
 157              		.loc 1 258 12 view .LVU42
 158 005c 5200     		lsls	r2, r2, #1
 257:Src/system_stm32g4xx.c ****       pllr = (((RCC->PLLCFGR & RCC_PLLCFGR_PLLR) >> 25) + 1U) * 2U;
 159              		.loc 1 257 14 view .LVU43
 160 005e 03FB00F3 		mul	r3, r3, r0
 259:Src/system_stm32g4xx.c ****       break;
 161              		.loc 1 259 31 view .LVU44
ARM GAS  /tmp/ccRx52f7.s 			page 9


 162 0062 B3FBF2F3 		udiv	r3, r3, r2
 260:Src/system_stm32g4xx.c **** 
 163              		.loc 1 260 7 is_stmt 1 view .LVU45
 164 0066 D7E7     		b	.L6
 165              	.L10:
 233:Src/system_stm32g4xx.c ****   {
 166              		.loc 1 233 3 is_stmt 0 view .LVU46
 167 0068 054B     		ldr	r3, .L12+16
 168 006a 0249     		ldr	r1, .L12+4
 169 006c D4E7     		b	.L6
 170              	.L13:
 171 006e 00BF     		.align	2
 172              	.L12:
 173 0070 00100240 		.word	1073876992
 174 0074 00000000 		.word	.LANCHOR0
 175 0078 00000000 		.word	.LANCHOR1
 176 007c 0024F400 		.word	16000000
 177 0080 00127A00 		.word	8000000
 178              		.cfi_endproc
 179              	.LFE330:
 181              		.global	APBPrescTable
 182              		.global	AHBPrescTable
 183              		.global	SystemCoreClock
 184              		.section	.data.SystemCoreClock,"aw"
 185              		.align	2
 186              		.set	.LANCHOR0,. + 0
 189              	SystemCoreClock:
 190 0000 0024F400 		.word	16000000
 191              		.section	.rodata.AHBPrescTable,"a"
 192              		.align	2
 193              		.set	.LANCHOR1,. + 0
 196              	AHBPrescTable:
 197 0000 00       		.byte	0
 198 0001 00       		.byte	0
 199 0002 00       		.byte	0
 200 0003 00       		.byte	0
 201 0004 00       		.byte	0
 202 0005 00       		.byte	0
 203 0006 00       		.byte	0
 204 0007 00       		.byte	0
 205 0008 01       		.byte	1
 206 0009 02       		.byte	2
 207 000a 03       		.byte	3
 208 000b 04       		.byte	4
 209 000c 06       		.byte	6
 210 000d 07       		.byte	7
 211 000e 08       		.byte	8
 212 000f 09       		.byte	9
 213              		.section	.rodata.APBPrescTable,"a"
 214              		.align	2
 217              	APBPrescTable:
 218 0000 00       		.byte	0
 219 0001 00       		.byte	0
 220 0002 00       		.byte	0
 221 0003 00       		.byte	0
 222 0004 01       		.byte	1
 223 0005 02       		.byte	2
ARM GAS  /tmp/ccRx52f7.s 			page 10


 224 0006 03       		.byte	3
 225 0007 04       		.byte	4
 226              		.text
 227              	.Letext0:
 228              		.file 2 "/usr/lib/gcc/arm-none-eabi/8.3.1/include/stdint.h"
 229              		.file 3 "Drivers/CMSIS/Include/core_cm4.h"
 230              		.file 4 "Drivers/CMSIS/Device/ST/STM32G4xx/Include/system_stm32g4xx.h"
 231              		.file 5 "Drivers/CMSIS/Device/ST/STM32G4xx/Include/stm32g431xx.h"
 232              		.file 6 "Drivers/STM32G4xx_HAL_Driver/Inc/stm32g4xx_hal_def.h"
 233              		.file 7 "Drivers/STM32G4xx_HAL_Driver/Inc/stm32g4xx_hal_flash.h"
 234              		.file 8 "Drivers/STM32G4xx_HAL_Driver/Inc/stm32g4xx_hal_uart.h"
 235              		.file 9 "Drivers/STM32G4xx_HAL_Driver/Inc/stm32g4xx_hal.h"
ARM GAS  /tmp/ccRx52f7.s 			page 11


DEFINED SYMBOLS
                            *ABS*:0000000000000000 system_stm32g4xx.c
     /tmp/ccRx52f7.s:18     .text.SystemInit:0000000000000000 $t
     /tmp/ccRx52f7.s:27     .text.SystemInit:0000000000000000 SystemInit
     /tmp/ccRx52f7.s:46     .text.SystemInit:0000000000000010 $d
     /tmp/ccRx52f7.s:51     .text.SystemCoreClockUpdate:0000000000000000 $t
     /tmp/ccRx52f7.s:59     .text.SystemCoreClockUpdate:0000000000000000 SystemCoreClockUpdate
     /tmp/ccRx52f7.s:173    .text.SystemCoreClockUpdate:0000000000000070 $d
     /tmp/ccRx52f7.s:217    .rodata.APBPrescTable:0000000000000000 APBPrescTable
     /tmp/ccRx52f7.s:196    .rodata.AHBPrescTable:0000000000000000 AHBPrescTable
     /tmp/ccRx52f7.s:189    .data.SystemCoreClock:0000000000000000 SystemCoreClock
     /tmp/ccRx52f7.s:185    .data.SystemCoreClock:0000000000000000 $d
     /tmp/ccRx52f7.s:192    .rodata.AHBPrescTable:0000000000000000 $d
     /tmp/ccRx52f7.s:214    .rodata.APBPrescTable:0000000000000000 $d

NO UNDEFINED SYMBOLS
